[0.020s] Invoking command in '/home/rishi/kuka_AM/build/kuka_description': CMAKE_PREFIX_PATH=/opt/ros/humble /usr/bin/cmake --build /home/rishi/kuka_AM/build/kuka_description -- -j8 -l8
[0.104s] Invoked command in '/home/rishi/kuka_AM/build/kuka_description' returned '0': CMAKE_PREFIX_PATH=/opt/ros/humble /usr/bin/cmake --build /home/rishi/kuka_AM/build/kuka_description -- -j8 -l8
[0.107s] Invoking command in '/home/rishi/kuka_AM/build/kuka_description': CMAKE_PREFIX_PATH=/opt/ros/humble /usr/bin/cmake --install /home/rishi/kuka_AM/build/kuka_description
[0.123s] -- Install configuration: ""
[0.125s] -- Up-to-date: /home/rishi/kuka_AM/install/kuka_description/share/kuka_description/meshes
[0.125s] -- Up-to-date: /home/rishi/kuka_AM/install/kuka_description/share/kuka_description/meshes/kr150_2
[0.125s] -- Up-to-date: /home/rishi/kuka_AM/install/kuka_description/share/kuka_description/meshes/kr150_2/visual
[0.125s] -- Up-to-date: /home/rishi/kuka_AM/install/kuka_description/share/kuka_description/meshes/kr150_2/visual/link_1.dae
[0.125s] -- Up-to-date: /home/rishi/kuka_AM/install/kuka_description/share/kuka_description/meshes/kr150_2/visual/link_5.dae
[0.125s] -- Up-to-date: /home/rishi/kuka_AM/install/kuka_description/share/kuka_description/meshes/kr150_2/visual/link_2.dae
[0.125s] -- Up-to-date: /home/rishi/kuka_AM/install/kuka_description/share/kuka_description/meshes/kr150_2/visual/link_3.dae
[0.126s] -- Up-to-date: /home/rishi/kuka_AM/install/kuka_description/share/kuka_description/meshes/kr150_2/visual/link_6.dae
[0.126s] -- Up-to-date: /home/rishi/kuka_AM/install/kuka_description/share/kuka_description/meshes/kr150_2/visual/base_link.dae
[0.126s] -- Up-to-date: /home/rishi/kuka_AM/install/kuka_description/share/kuka_description/meshes/kr150_2/visual/link_4.dae
[0.126s] -- Up-to-date: /home/rishi/kuka_AM/install/kuka_description/share/kuka_description/meshes/kr150_2/collision
[0.126s] -- Up-to-date: /home/rishi/kuka_AM/install/kuka_description/share/kuka_description/meshes/kr150_2/collision/link_3.stl
[0.126s] -- Up-to-date: /home/rishi/kuka_AM/install/kuka_description/share/kuka_description/meshes/kr150_2/collision/link_5.stl
[0.126s] -- Up-to-date: /home/rishi/kuka_AM/install/kuka_description/share/kuka_description/meshes/kr150_2/collision/link_2.stl
[0.126s] -- Up-to-date: /home/rishi/kuka_AM/install/kuka_description/share/kuka_description/meshes/kr150_2/collision/link_4.stl
[0.127s] -- Up-to-date: /home/rishi/kuka_AM/install/kuka_description/share/kuka_description/meshes/kr150_2/collision/base_link.stl
[0.127s] -- Up-to-date: /home/rishi/kuka_AM/install/kuka_description/share/kuka_description/meshes/kr150_2/collision/link_1.stl
[0.127s] -- Up-to-date: /home/rishi/kuka_AM/install/kuka_description/share/kuka_description/meshes/kr150_2/collision/link_6.stl
[0.127s] -- Up-to-date: /home/rishi/kuka_AM/install/kuka_description/share/kuka_description/urdf
[0.127s] -- Installing: /home/rishi/kuka_AM/install/kuka_description/share/kuka_description/urdf/kr150_2_macro.xacro
[0.127s] -- Up-to-date: /home/rishi/kuka_AM/install/kuka_description/share/kuka_description/urdf/kr150_gazebo.xacro
[0.127s] -- Up-to-date: /home/rishi/kuka_AM/install/kuka_description/share/kuka_description/urdf/kr150_ros2_control.xacro
[0.128s] -- Up-to-date: /home/rishi/kuka_AM/install/kuka_description/share/kuka_description/launch
[0.128s] -- Installing: /home/rishi/kuka_AM/install/kuka_description/share/kuka_description/launch/gazebo.launch.py
[0.128s] -- Up-to-date: /home/rishi/kuka_AM/install/kuka_description/share/kuka_description/launch/display.launch.py
[0.128s] -- Up-to-date: /home/rishi/kuka_AM/install/kuka_description/share/kuka_description/Rviz
[0.128s] -- Up-to-date: /home/rishi/kuka_AM/install/kuka_description/share/kuka_description/Rviz/rviz_visualization.rviz
[0.128s] -- Up-to-date: /home/rishi/kuka_AM/install/kuka_description/share/ament_index/resource_index/package_run_dependencies/kuka_description
[0.129s] -- Up-to-date: /home/rishi/kuka_AM/install/kuka_description/share/ament_index/resource_index/parent_prefix_path/kuka_description
[0.129s] -- Up-to-date: /home/rishi/kuka_AM/install/kuka_description/share/kuka_description/environment/ament_prefix_path.sh
[0.130s] -- Up-to-date: /home/rishi/kuka_AM/install/kuka_description/share/kuka_description/environment/ament_prefix_path.dsv
[0.130s] -- Up-to-date: /home/rishi/kuka_AM/install/kuka_description/share/kuka_description/environment/path.sh
[0.130s] -- Up-to-date: /home/rishi/kuka_AM/install/kuka_description/share/kuka_description/environment/path.dsv
[0.130s] -- Up-to-date: /home/rishi/kuka_AM/install/kuka_description/share/kuka_description/local_setup.bash
[0.130s] -- Up-to-date: /home/rishi/kuka_AM/install/kuka_description/share/kuka_description/local_setup.sh
[0.130s] -- Up-to-date: /home/rishi/kuka_AM/install/kuka_description/share/kuka_description/local_setup.zsh
[0.131s] -- Up-to-date: /home/rishi/kuka_AM/install/kuka_description/share/kuka_description/local_setup.dsv
[0.131s] -- Installing: /home/rishi/kuka_AM/install/kuka_description/share/kuka_description/package.dsv
[0.131s] -- Up-to-date: /home/rishi/kuka_AM/install/kuka_description/share/ament_index/resource_index/packages/kuka_description
[0.131s] -- Up-to-date: /home/rishi/kuka_AM/install/kuka_description/share/kuka_description/cmake/kuka_descriptionConfig.cmake
[0.131s] -- Up-to-date: /home/rishi/kuka_AM/install/kuka_description/share/kuka_description/cmake/kuka_descriptionConfig-version.cmake
[0.132s] -- Up-to-date: /home/rishi/kuka_AM/install/kuka_description/share/kuka_description/package.xml
[0.161s] Invoked command in '/home/rishi/kuka_AM/build/kuka_description' returned '0': CMAKE_PREFIX_PATH=/opt/ros/humble /usr/bin/cmake --install /home/rishi/kuka_AM/build/kuka_description
