[0.190s] DEBUG:colcon:Command line arguments: ['/usr/bin/colcon', 'build']
[0.190s] DEBUG:colcon:Parsed command line arguments: Namespace(log_base=None, log_level=None, verb_name='build', build_base='build', install_base='install', merge_install=False, symlink_install=False, test_result_base=None, continue_on_error=False, executor='parallel', parallel_workers=8, event_handlers=None, ignore_user_meta=False, metas=['./colcon.meta'], base_paths=['.'], packages_ignore=None, packages_ignore_regex=None, paths=None, packages_up_to=None, packages_up_to_regex=None, packages_above=None, packages_above_and_dependencies=None, packages_above_depth=None, packages_select_by_dep=None, packages_skip_by_dep=None, packages_skip_up_to=None, packages_select_build_failed=False, packages_skip_build_finished=False, packages_select_test_failures=False, packages_skip_test_passed=False, packages_select=None, packages_skip=None, packages_select_regex=None, packages_skip_regex=None, packages_start=None, packages_end=None, allow_overriding=[], cmake_args=None, cmake_target=None, cmake_target_skip_unavailable=False, cmake_clean_cache=False, cmake_clean_first=False, cmake_force_configure=False, ament_cmake_args=None, catkin_cmake_args=None, catkin_skip_building_tests=False, mixin_files=None, mixin=None, verb_parser=<colcon_mixin.mixin.mixin_argument.MixinArgumentDecorator object at 0x7039807574c0>, verb_extension=<colcon_core.verb.build.BuildVerb object at 0x703980756f50>, main=<bound method BuildVerb.main of <colcon_core.verb.build.BuildVerb object at 0x703980756f50>>, mixin_verb=('build',))
[0.261s] Level 1:colcon.colcon_core.package_discovery:discover_packages(colcon_meta) check parameters
[0.261s] Level 1:colcon.colcon_core.package_discovery:discover_packages(recursive) check parameters
[0.261s] Level 1:colcon.colcon_core.package_discovery:discover_packages(ignore) check parameters
[0.261s] Level 1:colcon.colcon_core.package_discovery:discover_packages(path) check parameters
[0.261s] Level 1:colcon.colcon_core.package_discovery:discover_packages(colcon_meta) discover
[0.262s] Level 1:colcon.colcon_core.package_discovery:discover_packages(recursive) discover
[0.262s] INFO:colcon.colcon_core.package_discovery:Crawling recursively for packages in '/home/rishi/kuka_AM'
[0.262s] Level 1:colcon.colcon_core.package_identification:_identify(.) by extensions ['ignore', 'ignore_ament_install']
[0.262s] Level 1:colcon.colcon_core.package_identification:_identify(.) by extension 'ignore'
[0.262s] Level 1:colcon.colcon_core.package_identification:_identify(.) by extension 'ignore_ament_install'
[0.262s] Level 1:colcon.colcon_core.package_identification:_identify(.) by extensions ['colcon_pkg']
[0.262s] Level 1:colcon.colcon_core.package_identification:_identify(.) by extension 'colcon_pkg'
[0.262s] Level 1:colcon.colcon_core.package_identification:_identify(.) by extensions ['colcon_meta']
[0.262s] Level 1:colcon.colcon_core.package_identification:_identify(.) by extension 'colcon_meta'
[0.262s] Level 1:colcon.colcon_core.package_identification:_identify(.) by extensions ['ros']
[0.262s] Level 1:colcon.colcon_core.package_identification:_identify(.) by extension 'ros'
[0.279s] Level 1:colcon.colcon_core.package_identification:_identify(.) by extensions ['cmake', 'python']
[0.279s] Level 1:colcon.colcon_core.package_identification:_identify(.) by extension 'cmake'
[0.279s] Level 1:colcon.colcon_core.package_identification:_identify(.) by extension 'python'
[0.279s] Level 1:colcon.colcon_core.package_identification:_identify(.) by extensions ['python_setup_py']
[0.279s] Level 1:colcon.colcon_core.package_identification:_identify(.) by extension 'python_setup_py'
[0.280s] Level 1:colcon.colcon_core.package_identification:_identify(build) by extensions ['ignore', 'ignore_ament_install']
[0.280s] Level 1:colcon.colcon_core.package_identification:_identify(build) by extension 'ignore'
[0.280s] Level 1:colcon.colcon_core.package_identification:_identify(build) ignored
[0.280s] Level 1:colcon.colcon_core.package_identification:_identify(install) by extensions ['ignore', 'ignore_ament_install']
[0.280s] Level 1:colcon.colcon_core.package_identification:_identify(install) by extension 'ignore'
[0.280s] Level 1:colcon.colcon_core.package_identification:_identify(install) ignored
[0.280s] Level 1:colcon.colcon_core.package_identification:_identify(log) by extensions ['ignore', 'ignore_ament_install']
[0.280s] Level 1:colcon.colcon_core.package_identification:_identify(log) by extension 'ignore'
[0.280s] Level 1:colcon.colcon_core.package_identification:_identify(log) ignored
[0.280s] Level 1:colcon.colcon_core.package_identification:_identify(src) by extensions ['ignore', 'ignore_ament_install']
[0.280s] Level 1:colcon.colcon_core.package_identification:_identify(src) by extension 'ignore'
[0.280s] Level 1:colcon.colcon_core.package_identification:_identify(src) by extension 'ignore_ament_install'
[0.281s] Level 1:colcon.colcon_core.package_identification:_identify(src) by extensions ['colcon_pkg']
[0.281s] Level 1:colcon.colcon_core.package_identification:_identify(src) by extension 'colcon_pkg'
[0.281s] Level 1:colcon.colcon_core.package_identification:_identify(src) by extensions ['colcon_meta']
[0.281s] Level 1:colcon.colcon_core.package_identification:_identify(src) by extension 'colcon_meta'
[0.281s] Level 1:colcon.colcon_core.package_identification:_identify(src) by extensions ['ros']
[0.281s] Level 1:colcon.colcon_core.package_identification:_identify(src) by extension 'ros'
[0.281s] Level 1:colcon.colcon_core.package_identification:_identify(src) by extensions ['cmake', 'python']
[0.281s] Level 1:colcon.colcon_core.package_identification:_identify(src) by extension 'cmake'
[0.281s] Level 1:colcon.colcon_core.package_identification:_identify(src) by extension 'python'
[0.281s] Level 1:colcon.colcon_core.package_identification:_identify(src) by extensions ['python_setup_py']
[0.281s] Level 1:colcon.colcon_core.package_identification:_identify(src) by extension 'python_setup_py'
[0.281s] Level 1:colcon.colcon_core.package_identification:_identify(src/Kuka_description) by extensions ['ignore', 'ignore_ament_install']
[0.281s] Level 1:colcon.colcon_core.package_identification:_identify(src/Kuka_description) by extension 'ignore'
[0.281s] Level 1:colcon.colcon_core.package_identification:_identify(src/Kuka_description) by extension 'ignore_ament_install'
[0.281s] Level 1:colcon.colcon_core.package_identification:_identify(src/Kuka_description) by extensions ['colcon_pkg']
[0.281s] Level 1:colcon.colcon_core.package_identification:_identify(src/Kuka_description) by extension 'colcon_pkg'
[0.281s] Level 1:colcon.colcon_core.package_identification:_identify(src/Kuka_description) by extensions ['colcon_meta']
[0.281s] Level 1:colcon.colcon_core.package_identification:_identify(src/Kuka_description) by extension 'colcon_meta'
[0.281s] Level 1:colcon.colcon_core.package_identification:_identify(src/Kuka_description) by extensions ['ros']
[0.281s] Level 1:colcon.colcon_core.package_identification:_identify(src/Kuka_description) by extension 'ros'
[0.285s] DEBUG:colcon.colcon_core.package_identification:Package 'src/Kuka_description' with type 'ros.ament_cmake' and name 'Kuka_description'
[0.285s] Level 1:colcon.colcon_core.package_discovery:discover_packages(recursive) using defaults
[0.285s] Level 1:colcon.colcon_core.package_discovery:discover_packages(ignore) discover
[0.285s] Level 1:colcon.colcon_core.package_discovery:discover_packages(ignore) using defaults
[0.285s] Level 1:colcon.colcon_core.package_discovery:discover_packages(path) discover
[0.285s] Level 1:colcon.colcon_core.package_discovery:discover_packages(path) using defaults
[0.324s] Level 1:colcon.colcon_core.package_discovery:discover_packages(prefix_path) check parameters
[0.324s] Level 1:colcon.colcon_core.package_discovery:discover_packages(prefix_path) discover
[0.328s] DEBUG:colcon.colcon_installed_package_information.package_discovery:Found 284 installed packages in /opt/ros/humble
[0.329s] Level 1:colcon.colcon_core.package_discovery:discover_packages(prefix_path) using defaults
[0.375s] Level 5:colcon.colcon_core.verb:set package 'Kuka_description' build argument 'cmake_args' from command line to 'None'
[0.375s] Level 5:colcon.colcon_core.verb:set package 'Kuka_description' build argument 'cmake_target' from command line to 'None'
[0.375s] Level 5:colcon.colcon_core.verb:set package 'Kuka_description' build argument 'cmake_target_skip_unavailable' from command line to 'False'
[0.375s] Level 5:colcon.colcon_core.verb:set package 'Kuka_description' build argument 'cmake_clean_cache' from command line to 'False'
[0.375s] Level 5:colcon.colcon_core.verb:set package 'Kuka_description' build argument 'cmake_clean_first' from command line to 'False'
[0.375s] Level 5:colcon.colcon_core.verb:set package 'Kuka_description' build argument 'cmake_force_configure' from command line to 'False'
[0.375s] Level 5:colcon.colcon_core.verb:set package 'Kuka_description' build argument 'ament_cmake_args' from command line to 'None'
[0.375s] Level 5:colcon.colcon_core.verb:set package 'Kuka_description' build argument 'catkin_cmake_args' from command line to 'None'
[0.375s] Level 5:colcon.colcon_core.verb:set package 'Kuka_description' build argument 'catkin_skip_building_tests' from command line to 'False'
[0.375s] DEBUG:colcon.colcon_core.verb:Building package 'Kuka_description' with the following arguments: {'ament_cmake_args': None, 'build_base': '/home/rishi/kuka_AM/build/Kuka_description', 'catkin_cmake_args': None, 'catkin_skip_building_tests': False, 'cmake_args': None, 'cmake_clean_cache': False, 'cmake_clean_first': False, 'cmake_force_configure': False, 'cmake_target': None, 'cmake_target_skip_unavailable': False, 'install_base': '/home/rishi/kuka_AM/install/Kuka_description', 'merge_install': False, 'path': '/home/rishi/kuka_AM/src/Kuka_description', 'symlink_install': False, 'test_result_base': None}
[0.375s] INFO:colcon.colcon_core.executor:Executing jobs using 'parallel' executor
[0.376s] DEBUG:colcon.colcon_parallel_executor.executor.parallel:run_until_complete
[0.377s] INFO:colcon.colcon_ros.task.ament_cmake.build:Building ROS package in '/home/rishi/kuka_AM/src/Kuka_description' with build type 'ament_cmake'
[0.377s] INFO:colcon.colcon_cmake.task.cmake.build:Building CMake package in '/home/rishi/kuka_AM/src/Kuka_description'
[0.381s] INFO:colcon.colcon_core.plugin_system:Skipping extension 'colcon_core.shell.bat': Not used on non-Windows systems
[0.382s] INFO:colcon.colcon_core.shell:Skip shell extension 'powershell' for command environment: Not usable outside of PowerShell
[0.382s] DEBUG:colcon.colcon_core.shell:Skip shell extension 'dsv' for command environment
[0.392s] DEBUG:colcon.colcon_core.event_handler.log_command:Invoking command in '/home/rishi/kuka_AM/build/Kuka_description': CMAKE_PREFIX_PATH=/opt/ros/humble /usr/bin/cmake /home/rishi/kuka_AM/src/Kuka_description -DCMAKE_INSTALL_PREFIX=/home/rishi/kuka_AM/install/Kuka_description
[1.730s] DEBUG:colcon.colcon_core.event_handler.log_command:Invoked command in '/home/rishi/kuka_AM/build/Kuka_description' returned '0': CMAKE_PREFIX_PATH=/opt/ros/humble /usr/bin/cmake /home/rishi/kuka_AM/src/Kuka_description -DCMAKE_INSTALL_PREFIX=/home/rishi/kuka_AM/install/Kuka_description
[1.732s] DEBUG:colcon.colcon_core.event_handler.log_command:Invoking command in '/home/rishi/kuka_AM/build/Kuka_description': CMAKE_PREFIX_PATH=/opt/ros/humble /usr/bin/cmake --build /home/rishi/kuka_AM/build/Kuka_description -- -j8 -l8
[1.801s] DEBUG:colcon.colcon_core.event_handler.log_command:Invoked command in '/home/rishi/kuka_AM/build/Kuka_description' returned '0': CMAKE_PREFIX_PATH=/opt/ros/humble /usr/bin/cmake --build /home/rishi/kuka_AM/build/Kuka_description -- -j8 -l8
[1.820s] DEBUG:colcon.colcon_core.event_handler.log_command:Invoking command in '/home/rishi/kuka_AM/build/Kuka_description': CMAKE_PREFIX_PATH=/opt/ros/humble /usr/bin/cmake --install /home/rishi/kuka_AM/build/Kuka_description
[1.844s] Level 1:colcon.colcon_core.environment:create_environment_scripts_only(Kuka_description)
[1.845s] DEBUG:colcon.colcon_core.event_handler.log_command:Invoked command in '/home/rishi/kuka_AM/build/Kuka_description' returned '0': CMAKE_PREFIX_PATH=/opt/ros/humble /usr/bin/cmake --install /home/rishi/kuka_AM/build/Kuka_description
[1.853s] Level 1:colcon.colcon_core.environment:checking '/home/rishi/kuka_AM/install/Kuka_description' for CMake module files
[1.854s] Level 1:colcon.colcon_core.environment:checking '/home/rishi/kuka_AM/install/Kuka_description' for CMake config files
[1.854s] Level 1:colcon.colcon_core.shell:create_environment_hook('Kuka_description', 'cmake_prefix_path')
[1.855s] INFO:colcon.colcon_core.shell:Creating environment hook '/home/rishi/kuka_AM/install/Kuka_description/share/Kuka_description/hook/cmake_prefix_path.ps1'
[1.856s] INFO:colcon.colcon_core.shell:Creating environment descriptor '/home/rishi/kuka_AM/install/Kuka_description/share/Kuka_description/hook/cmake_prefix_path.dsv'
[1.857s] INFO:colcon.colcon_core.shell:Creating environment hook '/home/rishi/kuka_AM/install/Kuka_description/share/Kuka_description/hook/cmake_prefix_path.sh'
[1.858s] Level 1:colcon.colcon_core.environment:checking '/home/rishi/kuka_AM/install/Kuka_description/bin'
[1.858s] Level 1:colcon.colcon_core.environment:checking '/home/rishi/kuka_AM/install/Kuka_description/lib/pkgconfig/Kuka_description.pc'
[1.858s] Level 1:colcon.colcon_core.environment:checking '/home/rishi/kuka_AM/install/Kuka_description/lib/python3.10/site-packages'
[1.858s] Level 1:colcon.colcon_core.environment:checking '/home/rishi/kuka_AM/install/Kuka_description/bin'
[1.859s] INFO:colcon.colcon_core.shell:Creating package script '/home/rishi/kuka_AM/install/Kuka_description/share/Kuka_description/package.ps1'
[1.860s] INFO:colcon.colcon_core.shell:Creating package descriptor '/home/rishi/kuka_AM/install/Kuka_description/share/Kuka_description/package.dsv'
[1.860s] INFO:colcon.colcon_core.shell:Creating package script '/home/rishi/kuka_AM/install/Kuka_description/share/Kuka_description/package.sh'
[1.862s] INFO:colcon.colcon_core.shell:Creating package script '/home/rishi/kuka_AM/install/Kuka_description/share/Kuka_description/package.bash'
[1.864s] INFO:colcon.colcon_core.shell:Creating package script '/home/rishi/kuka_AM/install/Kuka_description/share/Kuka_description/package.zsh'
[1.866s] Level 1:colcon.colcon_core.environment:create_file_with_runtime_dependencies(/home/rishi/kuka_AM/install/Kuka_description/share/colcon-core/packages/Kuka_description)
[1.868s] Level 1:colcon.colcon_core.environment:create_environment_scripts_only(Kuka_description)
[1.868s] Level 1:colcon.colcon_core.environment:checking '/home/rishi/kuka_AM/install/Kuka_description' for CMake module files
[1.870s] Level 1:colcon.colcon_core.environment:checking '/home/rishi/kuka_AM/install/Kuka_description' for CMake config files
[1.870s] Level 1:colcon.colcon_core.shell:create_environment_hook('Kuka_description', 'cmake_prefix_path')
[1.872s] INFO:colcon.colcon_core.shell:Creating environment hook '/home/rishi/kuka_AM/install/Kuka_description/share/Kuka_description/hook/cmake_prefix_path.ps1'
[1.873s] INFO:colcon.colcon_core.shell:Creating environment descriptor '/home/rishi/kuka_AM/install/Kuka_description/share/Kuka_description/hook/cmake_prefix_path.dsv'
[1.875s] INFO:colcon.colcon_core.shell:Creating environment hook '/home/rishi/kuka_AM/install/Kuka_description/share/Kuka_description/hook/cmake_prefix_path.sh'
[1.876s] Level 1:colcon.colcon_core.environment:checking '/home/rishi/kuka_AM/install/Kuka_description/bin'
[1.876s] Level 1:colcon.colcon_core.environment:checking '/home/rishi/kuka_AM/install/Kuka_description/lib/pkgconfig/Kuka_description.pc'
[1.877s] Level 1:colcon.colcon_core.environment:checking '/home/rishi/kuka_AM/install/Kuka_description/lib/python3.10/site-packages'
[1.877s] Level 1:colcon.colcon_core.environment:checking '/home/rishi/kuka_AM/install/Kuka_description/bin'
[1.878s] INFO:colcon.colcon_core.shell:Creating package script '/home/rishi/kuka_AM/install/Kuka_description/share/Kuka_description/package.ps1'
[1.879s] INFO:colcon.colcon_core.shell:Creating package descriptor '/home/rishi/kuka_AM/install/Kuka_description/share/Kuka_description/package.dsv'
[1.880s] INFO:colcon.colcon_core.shell:Creating package script '/home/rishi/kuka_AM/install/Kuka_description/share/Kuka_description/package.sh'
[1.880s] INFO:colcon.colcon_core.shell:Creating package script '/home/rishi/kuka_AM/install/Kuka_description/share/Kuka_description/package.bash'
[1.881s] INFO:colcon.colcon_core.shell:Creating package script '/home/rishi/kuka_AM/install/Kuka_description/share/Kuka_description/package.zsh'
[1.881s] Level 1:colcon.colcon_core.environment:create_file_with_runtime_dependencies(/home/rishi/kuka_AM/install/Kuka_description/share/colcon-core/packages/Kuka_description)
[1.882s] DEBUG:colcon.colcon_parallel_executor.executor.parallel:closing loop
[1.882s] DEBUG:colcon.colcon_parallel_executor.executor.parallel:loop closed
[1.882s] DEBUG:colcon.colcon_parallel_executor.executor.parallel:run_until_complete finished with '0'
[1.882s] DEBUG:colcon.colcon_core.event_reactor:joining thread
[1.889s] INFO:colcon.colcon_core.plugin_system:Skipping extension 'colcon_notification.desktop_notification.terminal_notifier': Not used on non-Darwin systems
[1.889s] INFO:colcon.colcon_core.plugin_system:Skipping extension 'colcon_notification.desktop_notification.win32': Not used on non-Windows systems
[1.889s] INFO:colcon.colcon_notification.desktop_notification:Sending desktop notification using 'notify2'
[1.904s] DEBUG:colcon.colcon_core.event_reactor:joined thread
[1.905s] INFO:colcon.colcon_core.shell:Creating prefix script '/home/rishi/kuka_AM/install/local_setup.ps1'
[1.907s] INFO:colcon.colcon_core.shell:Creating prefix util module '/home/rishi/kuka_AM/install/_local_setup_util_ps1.py'
[1.910s] INFO:colcon.colcon_core.shell:Creating prefix chain script '/home/rishi/kuka_AM/install/setup.ps1'
[1.911s] INFO:colcon.colcon_core.shell:Creating prefix script '/home/rishi/kuka_AM/install/local_setup.sh'
[1.912s] INFO:colcon.colcon_core.shell:Creating prefix util module '/home/rishi/kuka_AM/install/_local_setup_util_sh.py'
[1.913s] INFO:colcon.colcon_core.shell:Creating prefix chain script '/home/rishi/kuka_AM/install/setup.sh'
[1.914s] INFO:colcon.colcon_core.shell:Creating prefix script '/home/rishi/kuka_AM/install/local_setup.bash'
[1.915s] INFO:colcon.colcon_core.shell:Creating prefix chain script '/home/rishi/kuka_AM/install/setup.bash'
[1.916s] INFO:colcon.colcon_core.shell:Creating prefix script '/home/rishi/kuka_AM/install/local_setup.zsh'
[1.917s] INFO:colcon.colcon_core.shell:Creating prefix chain script '/home/rishi/kuka_AM/install/setup.zsh'
