[0.124s] DEBUG:colcon:Command line arguments: ['/usr/bin/colcon', 'build']
[0.124s] DEBUG:colcon:Parsed command line arguments: Namespace(log_base=None, log_level=None, verb_name='build', build_base='build', install_base='install', merge_install=False, symlink_install=False, test_result_base=None, continue_on_error=False, executor='parallel', parallel_workers=8, event_handlers=None, ignore_user_meta=False, metas=['./colcon.meta'], base_paths=['.'], packages_ignore=None, packages_ignore_regex=None, paths=None, packages_up_to=None, packages_up_to_regex=None, packages_above=None, packages_above_and_dependencies=None, packages_above_depth=None, packages_select_by_dep=None, packages_skip_by_dep=None, packages_skip_up_to=None, packages_select_build_failed=False, packages_skip_build_finished=False, packages_select_test_failures=False, packages_skip_test_passed=False, packages_select=None, packages_skip=None, packages_select_regex=None, packages_skip_regex=None, packages_start=None, packages_end=None, allow_overriding=[], cmake_args=None, cmake_target=None, cmake_target_skip_unavailable=False, cmake_clean_cache=False, cmake_clean_first=False, cmake_force_configure=False, ament_cmake_args=None, catkin_cmake_args=None, catkin_skip_building_tests=False, mixin_files=None, mixin=None, verb_parser=<colcon_mixin.mixin.mixin_argument.MixinArgumentDecorator object at 0x7cd8ab088940>, verb_extension=<colcon_core.verb.build.BuildVerb object at 0x7cd8ab0883d0>, main=<bound method BuildVerb.main of <colcon_core.verb.build.BuildVerb object at 0x7cd8ab0883d0>>, mixin_verb=('build',))
[0.165s] Level 1:colcon.colcon_core.package_discovery:discover_packages(colcon_meta) check parameters
[0.165s] Level 1:colcon.colcon_core.package_discovery:discover_packages(recursive) check parameters
[0.165s] Level 1:colcon.colcon_core.package_discovery:discover_packages(ignore) check parameters
[0.165s] Level 1:colcon.colcon_core.package_discovery:discover_packages(path) check parameters
[0.166s] Level 1:colcon.colcon_core.package_discovery:discover_packages(colcon_meta) discover
[0.166s] Level 1:colcon.colcon_core.package_discovery:discover_packages(recursive) discover
[0.166s] INFO:colcon.colcon_core.package_discovery:Crawling recursively for packages in '/home/rishi/kuka_AM'
[0.166s] Level 1:colcon.colcon_core.package_identification:_identify(.) by extensions ['ignore', 'ignore_ament_install']
[0.166s] Level 1:colcon.colcon_core.package_identification:_identify(.) by extension 'ignore'
[0.166s] Level 1:colcon.colcon_core.package_identification:_identify(.) by extension 'ignore_ament_install'
[0.166s] Level 1:colcon.colcon_core.package_identification:_identify(.) by extensions ['colcon_pkg']
[0.166s] Level 1:colcon.colcon_core.package_identification:_identify(.) by extension 'colcon_pkg'
[0.166s] Level 1:colcon.colcon_core.package_identification:_identify(.) by extensions ['colcon_meta']
[0.166s] Level 1:colcon.colcon_core.package_identification:_identify(.) by extension 'colcon_meta'
[0.166s] Level 1:colcon.colcon_core.package_identification:_identify(.) by extensions ['ros']
[0.166s] Level 1:colcon.colcon_core.package_identification:_identify(.) by extension 'ros'
[0.183s] Level 1:colcon.colcon_core.package_identification:_identify(.) by extensions ['cmake', 'python']
[0.183s] Level 1:colcon.colcon_core.package_identification:_identify(.) by extension 'cmake'
[0.183s] Level 1:colcon.colcon_core.package_identification:_identify(.) by extension 'python'
[0.183s] Level 1:colcon.colcon_core.package_identification:_identify(.) by extensions ['python_setup_py']
[0.183s] Level 1:colcon.colcon_core.package_identification:_identify(.) by extension 'python_setup_py'
[0.183s] Level 1:colcon.colcon_core.package_identification:_identify(build) by extensions ['ignore', 'ignore_ament_install']
[0.183s] Level 1:colcon.colcon_core.package_identification:_identify(build) by extension 'ignore'
[0.184s] Level 1:colcon.colcon_core.package_identification:_identify(build) ignored
[0.184s] Level 1:colcon.colcon_core.package_identification:_identify(install) by extensions ['ignore', 'ignore_ament_install']
[0.184s] Level 1:colcon.colcon_core.package_identification:_identify(install) by extension 'ignore'
[0.184s] Level 1:colcon.colcon_core.package_identification:_identify(install) ignored
[0.184s] Level 1:colcon.colcon_core.package_identification:_identify(log) by extensions ['ignore', 'ignore_ament_install']
[0.184s] Level 1:colcon.colcon_core.package_identification:_identify(log) by extension 'ignore'
[0.184s] Level 1:colcon.colcon_core.package_identification:_identify(log) ignored
[0.184s] Level 1:colcon.colcon_core.package_identification:_identify(src) by extensions ['ignore', 'ignore_ament_install']
[0.184s] Level 1:colcon.colcon_core.package_identification:_identify(src) by extension 'ignore'
[0.184s] Level 1:colcon.colcon_core.package_identification:_identify(src) by extension 'ignore_ament_install'
[0.184s] Level 1:colcon.colcon_core.package_identification:_identify(src) by extensions ['colcon_pkg']
[0.184s] Level 1:colcon.colcon_core.package_identification:_identify(src) by extension 'colcon_pkg'
[0.184s] Level 1:colcon.colcon_core.package_identification:_identify(src) by extensions ['colcon_meta']
[0.184s] Level 1:colcon.colcon_core.package_identification:_identify(src) by extension 'colcon_meta'
[0.185s] Level 1:colcon.colcon_core.package_identification:_identify(src) by extensions ['ros']
[0.185s] Level 1:colcon.colcon_core.package_identification:_identify(src) by extension 'ros'
[0.185s] Level 1:colcon.colcon_core.package_identification:_identify(src) by extensions ['cmake', 'python']
[0.185s] Level 1:colcon.colcon_core.package_identification:_identify(src) by extension 'cmake'
[0.185s] Level 1:colcon.colcon_core.package_identification:_identify(src) by extension 'python'
[0.185s] Level 1:colcon.colcon_core.package_identification:_identify(src) by extensions ['python_setup_py']
[0.185s] Level 1:colcon.colcon_core.package_identification:_identify(src) by extension 'python_setup_py'
[0.185s] Level 1:colcon.colcon_core.package_identification:_identify(src/Kuka_description) by extensions ['ignore', 'ignore_ament_install']
[0.185s] Level 1:colcon.colcon_core.package_identification:_identify(src/Kuka_description) by extension 'ignore'
[0.185s] Level 1:colcon.colcon_core.package_identification:_identify(src/Kuka_description) by extension 'ignore_ament_install'
[0.185s] Level 1:colcon.colcon_core.package_identification:_identify(src/Kuka_description) by extensions ['colcon_pkg']
[0.185s] Level 1:colcon.colcon_core.package_identification:_identify(src/Kuka_description) by extension 'colcon_pkg'
[0.185s] Level 1:colcon.colcon_core.package_identification:_identify(src/Kuka_description) by extensions ['colcon_meta']
[0.185s] Level 1:colcon.colcon_core.package_identification:_identify(src/Kuka_description) by extension 'colcon_meta'
[0.185s] Level 1:colcon.colcon_core.package_identification:_identify(src/Kuka_description) by extensions ['ros']
[0.185s] Level 1:colcon.colcon_core.package_identification:_identify(src/Kuka_description) by extension 'ros'
[0.190s] DEBUG:colcon.colcon_core.package_identification:Package 'src/Kuka_description' with type 'ros.ament_cmake' and name 'kuka_description'
[0.190s] Level 1:colcon.colcon_core.package_identification:_identify(src/kuka_controller) by extensions ['ignore', 'ignore_ament_install']
[0.190s] Level 1:colcon.colcon_core.package_identification:_identify(src/kuka_controller) by extension 'ignore'
[0.191s] Level 1:colcon.colcon_core.package_identification:_identify(src/kuka_controller) by extension 'ignore_ament_install'
[0.191s] Level 1:colcon.colcon_core.package_identification:_identify(src/kuka_controller) by extensions ['colcon_pkg']
[0.191s] Level 1:colcon.colcon_core.package_identification:_identify(src/kuka_controller) by extension 'colcon_pkg'
[0.191s] Level 1:colcon.colcon_core.package_identification:_identify(src/kuka_controller) by extensions ['colcon_meta']
[0.191s] Level 1:colcon.colcon_core.package_identification:_identify(src/kuka_controller) by extension 'colcon_meta'
[0.191s] Level 1:colcon.colcon_core.package_identification:_identify(src/kuka_controller) by extensions ['ros']
[0.191s] Level 1:colcon.colcon_core.package_identification:_identify(src/kuka_controller) by extension 'ros'
[0.192s] DEBUG:colcon.colcon_core.package_identification:Package 'src/kuka_controller' with type 'ros.ament_cmake' and name 'kuka_controller'
[0.192s] Level 1:colcon.colcon_core.package_discovery:discover_packages(recursive) using defaults
[0.192s] Level 1:colcon.colcon_core.package_discovery:discover_packages(ignore) discover
[0.192s] Level 1:colcon.colcon_core.package_discovery:discover_packages(ignore) using defaults
[0.192s] Level 1:colcon.colcon_core.package_discovery:discover_packages(path) discover
[0.192s] Level 1:colcon.colcon_core.package_discovery:discover_packages(path) using defaults
[0.215s] Level 1:colcon.colcon_core.package_discovery:discover_packages(prefix_path) check parameters
[0.216s] Level 1:colcon.colcon_core.package_discovery:discover_packages(prefix_path) discover
[0.219s] DEBUG:colcon.colcon_installed_package_information.package_discovery:Found 332 installed packages in /opt/ros/humble
[0.221s] Level 1:colcon.colcon_core.package_discovery:discover_packages(prefix_path) using defaults
[0.272s] Level 5:colcon.colcon_core.verb:set package 'kuka_controller' build argument 'cmake_args' from command line to 'None'
[0.272s] Level 5:colcon.colcon_core.verb:set package 'kuka_controller' build argument 'cmake_target' from command line to 'None'
[0.272s] Level 5:colcon.colcon_core.verb:set package 'kuka_controller' build argument 'cmake_target_skip_unavailable' from command line to 'False'
[0.272s] Level 5:colcon.colcon_core.verb:set package 'kuka_controller' build argument 'cmake_clean_cache' from command line to 'False'
[0.272s] Level 5:colcon.colcon_core.verb:set package 'kuka_controller' build argument 'cmake_clean_first' from command line to 'False'
[0.272s] Level 5:colcon.colcon_core.verb:set package 'kuka_controller' build argument 'cmake_force_configure' from command line to 'False'
[0.272s] Level 5:colcon.colcon_core.verb:set package 'kuka_controller' build argument 'ament_cmake_args' from command line to 'None'
[0.272s] Level 5:colcon.colcon_core.verb:set package 'kuka_controller' build argument 'catkin_cmake_args' from command line to 'None'
[0.272s] Level 5:colcon.colcon_core.verb:set package 'kuka_controller' build argument 'catkin_skip_building_tests' from command line to 'False'
[0.272s] DEBUG:colcon.colcon_core.verb:Building package 'kuka_controller' with the following arguments: {'ament_cmake_args': None, 'build_base': '/home/rishi/kuka_AM/build/kuka_controller', 'catkin_cmake_args': None, 'catkin_skip_building_tests': False, 'cmake_args': None, 'cmake_clean_cache': False, 'cmake_clean_first': False, 'cmake_force_configure': False, 'cmake_target': None, 'cmake_target_skip_unavailable': False, 'install_base': '/home/rishi/kuka_AM/install/kuka_controller', 'merge_install': False, 'path': '/home/rishi/kuka_AM/src/kuka_controller', 'symlink_install': False, 'test_result_base': None}
[0.273s] Level 5:colcon.colcon_core.verb:set package 'kuka_description' build argument 'cmake_args' from command line to 'None'
[0.273s] Level 5:colcon.colcon_core.verb:set package 'kuka_description' build argument 'cmake_target' from command line to 'None'
[0.273s] Level 5:colcon.colcon_core.verb:set package 'kuka_description' build argument 'cmake_target_skip_unavailable' from command line to 'False'
[0.273s] Level 5:colcon.colcon_core.verb:set package 'kuka_description' build argument 'cmake_clean_cache' from command line to 'False'
[0.273s] Level 5:colcon.colcon_core.verb:set package 'kuka_description' build argument 'cmake_clean_first' from command line to 'False'
[0.273s] Level 5:colcon.colcon_core.verb:set package 'kuka_description' build argument 'cmake_force_configure' from command line to 'False'
[0.273s] Level 5:colcon.colcon_core.verb:set package 'kuka_description' build argument 'ament_cmake_args' from command line to 'None'
[0.273s] Level 5:colcon.colcon_core.verb:set package 'kuka_description' build argument 'catkin_cmake_args' from command line to 'None'
[0.273s] Level 5:colcon.colcon_core.verb:set package 'kuka_description' build argument 'catkin_skip_building_tests' from command line to 'False'
[0.273s] DEBUG:colcon.colcon_core.verb:Building package 'kuka_description' with the following arguments: {'ament_cmake_args': None, 'build_base': '/home/rishi/kuka_AM/build/kuka_description', 'catkin_cmake_args': None, 'catkin_skip_building_tests': False, 'cmake_args': None, 'cmake_clean_cache': False, 'cmake_clean_first': False, 'cmake_force_configure': False, 'cmake_target': None, 'cmake_target_skip_unavailable': False, 'install_base': '/home/rishi/kuka_AM/install/kuka_description', 'merge_install': False, 'path': '/home/rishi/kuka_AM/src/Kuka_description', 'symlink_install': False, 'test_result_base': None}
[0.274s] INFO:colcon.colcon_core.executor:Executing jobs using 'parallel' executor
[0.275s] DEBUG:colcon.colcon_parallel_executor.executor.parallel:run_until_complete
[0.276s] INFO:colcon.colcon_ros.task.ament_cmake.build:Building ROS package in '/home/rishi/kuka_AM/src/kuka_controller' with build type 'ament_cmake'
[0.276s] INFO:colcon.colcon_cmake.task.cmake.build:Building CMake package in '/home/rishi/kuka_AM/src/kuka_controller'
[0.279s] INFO:colcon.colcon_core.plugin_system:Skipping extension 'colcon_core.shell.bat': Not used on non-Windows systems
[0.279s] INFO:colcon.colcon_core.shell:Skip shell extension 'powershell' for command environment: Not usable outside of PowerShell
[0.279s] DEBUG:colcon.colcon_core.shell:Skip shell extension 'dsv' for command environment
[0.284s] INFO:colcon.colcon_ros.task.ament_cmake.build:Building ROS package in '/home/rishi/kuka_AM/src/Kuka_description' with build type 'ament_cmake'
[0.284s] INFO:colcon.colcon_cmake.task.cmake.build:Building CMake package in '/home/rishi/kuka_AM/src/Kuka_description'
[0.285s] INFO:colcon.colcon_core.shell:Skip shell extension 'powershell' for command environment: Not usable outside of PowerShell
[0.285s] DEBUG:colcon.colcon_core.shell:Skip shell extension 'dsv' for command environment
[0.298s] DEBUG:colcon.colcon_core.event_handler.log_command:Invoking command in '/home/rishi/kuka_AM/build/kuka_controller': CMAKE_PREFIX_PATH=/opt/ros/humble /usr/bin/cmake --build /home/rishi/kuka_AM/build/kuka_controller -- -j8 -l8
[0.303s] DEBUG:colcon.colcon_core.event_handler.log_command:Invoking command in '/home/rishi/kuka_AM/build/kuka_description': CMAKE_PREFIX_PATH=/opt/ros/humble /usr/bin/cmake --build /home/rishi/kuka_AM/build/kuka_description -- -j8 -l8
[0.349s] DEBUG:colcon.colcon_core.event_handler.log_command:Invoked command in '/home/rishi/kuka_AM/build/kuka_description' returned '0': CMAKE_PREFIX_PATH=/opt/ros/humble /usr/bin/cmake --build /home/rishi/kuka_AM/build/kuka_description -- -j8 -l8
[0.363s] DEBUG:colcon.colcon_core.event_handler.log_command:Invoking command in '/home/rishi/kuka_AM/build/kuka_description': CMAKE_PREFIX_PATH=/opt/ros/humble /usr/bin/cmake --install /home/rishi/kuka_AM/build/kuka_description
[0.376s] Level 1:colcon.colcon_core.environment:create_environment_scripts_only(kuka_description)
[0.384s] Level 1:colcon.colcon_core.environment:checking '/home/rishi/kuka_AM/install/kuka_description' for CMake module files
[0.387s] Level 1:colcon.colcon_core.environment:checking '/home/rishi/kuka_AM/install/kuka_description' for CMake config files
[0.388s] DEBUG:colcon.colcon_core.event_handler.log_command:Invoked command in '/home/rishi/kuka_AM/build/kuka_description' returned '0': CMAKE_PREFIX_PATH=/opt/ros/humble /usr/bin/cmake --install /home/rishi/kuka_AM/build/kuka_description
[0.389s] Level 1:colcon.colcon_core.shell:create_environment_hook('kuka_description', 'cmake_prefix_path')
[0.390s] INFO:colcon.colcon_core.shell:Creating environment hook '/home/rishi/kuka_AM/install/kuka_description/share/kuka_description/hook/cmake_prefix_path.ps1'
[0.392s] INFO:colcon.colcon_core.shell:Creating environment descriptor '/home/rishi/kuka_AM/install/kuka_description/share/kuka_description/hook/cmake_prefix_path.dsv'
[0.393s] INFO:colcon.colcon_core.shell:Creating environment hook '/home/rishi/kuka_AM/install/kuka_description/share/kuka_description/hook/cmake_prefix_path.sh'
[0.395s] Level 1:colcon.colcon_core.environment:checking '/home/rishi/kuka_AM/install/kuka_description/bin'
[0.395s] Level 1:colcon.colcon_core.environment:checking '/home/rishi/kuka_AM/install/kuka_description/lib/pkgconfig/kuka_description.pc'
[0.396s] Level 1:colcon.colcon_core.environment:checking '/home/rishi/kuka_AM/install/kuka_description/lib/python3.10/site-packages'
[0.396s] Level 1:colcon.colcon_core.environment:checking '/home/rishi/kuka_AM/install/kuka_description/bin'
[0.397s] INFO:colcon.colcon_core.shell:Creating package script '/home/rishi/kuka_AM/install/kuka_description/share/kuka_description/package.ps1'
[0.399s] INFO:colcon.colcon_core.shell:Creating package descriptor '/home/rishi/kuka_AM/install/kuka_description/share/kuka_description/package.dsv'
[0.401s] INFO:colcon.colcon_core.shell:Creating package script '/home/rishi/kuka_AM/install/kuka_description/share/kuka_description/package.sh'
[0.402s] INFO:colcon.colcon_core.shell:Creating package script '/home/rishi/kuka_AM/install/kuka_description/share/kuka_description/package.bash'
[0.405s] INFO:colcon.colcon_core.shell:Creating package script '/home/rishi/kuka_AM/install/kuka_description/share/kuka_description/package.zsh'
[0.407s] Level 1:colcon.colcon_core.environment:create_file_with_runtime_dependencies(/home/rishi/kuka_AM/install/kuka_description/share/colcon-core/packages/kuka_description)
[0.408s] Level 1:colcon.colcon_core.environment:create_environment_scripts_only(kuka_description)
[0.409s] Level 1:colcon.colcon_core.environment:checking '/home/rishi/kuka_AM/install/kuka_description' for CMake module files
[0.410s] Level 1:colcon.colcon_core.environment:checking '/home/rishi/kuka_AM/install/kuka_description' for CMake config files
[0.411s] Level 1:colcon.colcon_core.shell:create_environment_hook('kuka_description', 'cmake_prefix_path')
[0.412s] INFO:colcon.colcon_core.shell:Creating environment hook '/home/rishi/kuka_AM/install/kuka_description/share/kuka_description/hook/cmake_prefix_path.ps1'
[0.413s] INFO:colcon.colcon_core.shell:Creating environment descriptor '/home/rishi/kuka_AM/install/kuka_description/share/kuka_description/hook/cmake_prefix_path.dsv'
[0.414s] INFO:colcon.colcon_core.shell:Creating environment hook '/home/rishi/kuka_AM/install/kuka_description/share/kuka_description/hook/cmake_prefix_path.sh'
[0.415s] Level 1:colcon.colcon_core.environment:checking '/home/rishi/kuka_AM/install/kuka_description/bin'
[0.415s] Level 1:colcon.colcon_core.environment:checking '/home/rishi/kuka_AM/install/kuka_description/lib/pkgconfig/kuka_description.pc'
[0.416s] Level 1:colcon.colcon_core.environment:checking '/home/rishi/kuka_AM/install/kuka_description/lib/python3.10/site-packages'
[0.416s] Level 1:colcon.colcon_core.environment:checking '/home/rishi/kuka_AM/install/kuka_description/bin'
[0.417s] INFO:colcon.colcon_core.shell:Creating package script '/home/rishi/kuka_AM/install/kuka_description/share/kuka_description/package.ps1'
[0.418s] INFO:colcon.colcon_core.shell:Creating package descriptor '/home/rishi/kuka_AM/install/kuka_description/share/kuka_description/package.dsv'
[0.419s] INFO:colcon.colcon_core.shell:Creating package script '/home/rishi/kuka_AM/install/kuka_description/share/kuka_description/package.sh'
[0.420s] INFO:colcon.colcon_core.shell:Creating package script '/home/rishi/kuka_AM/install/kuka_description/share/kuka_description/package.bash'
[0.420s] INFO:colcon.colcon_core.shell:Creating package script '/home/rishi/kuka_AM/install/kuka_description/share/kuka_description/package.zsh'
[0.421s] Level 1:colcon.colcon_core.environment:create_file_with_runtime_dependencies(/home/rishi/kuka_AM/install/kuka_description/share/colcon-core/packages/kuka_description)
[0.641s] DEBUG:colcon.colcon_core.event_handler.log_command:Invoked command in '/home/rishi/kuka_AM/build/kuka_controller' returned '0': CMAKE_PREFIX_PATH=/opt/ros/humble /usr/bin/cmake --build /home/rishi/kuka_AM/build/kuka_controller -- -j8 -l8
[0.645s] DEBUG:colcon.colcon_core.event_handler.log_command:Invoking command in '/home/rishi/kuka_AM/build/kuka_controller': CMAKE_PREFIX_PATH=/opt/ros/humble /usr/bin/cmake --install /home/rishi/kuka_AM/build/kuka_controller
[0.658s] Level 1:colcon.colcon_core.environment:create_environment_scripts_only(kuka_controller)
[0.659s] Level 1:colcon.colcon_core.environment:checking '/home/rishi/kuka_AM/install/kuka_controller' for CMake module files
[0.660s] DEBUG:colcon.colcon_core.event_handler.log_command:Invoked command in '/home/rishi/kuka_AM/build/kuka_controller' returned '0': CMAKE_PREFIX_PATH=/opt/ros/humble /usr/bin/cmake --install /home/rishi/kuka_AM/build/kuka_controller
[0.661s] Level 1:colcon.colcon_core.environment:checking '/home/rishi/kuka_AM/install/kuka_controller' for CMake config files
[0.662s] Level 1:colcon.colcon_core.shell:create_environment_hook('kuka_controller', 'cmake_prefix_path')
[0.662s] INFO:colcon.colcon_core.shell:Creating environment hook '/home/rishi/kuka_AM/install/kuka_controller/share/kuka_controller/hook/cmake_prefix_path.ps1'
[0.663s] INFO:colcon.colcon_core.shell:Creating environment descriptor '/home/rishi/kuka_AM/install/kuka_controller/share/kuka_controller/hook/cmake_prefix_path.dsv'
[0.664s] INFO:colcon.colcon_core.shell:Creating environment hook '/home/rishi/kuka_AM/install/kuka_controller/share/kuka_controller/hook/cmake_prefix_path.sh'
[0.666s] Level 1:colcon.colcon_core.environment:checking '/home/rishi/kuka_AM/install/kuka_controller/bin'
[0.666s] Level 1:colcon.colcon_core.environment:checking '/home/rishi/kuka_AM/install/kuka_controller/lib/pkgconfig/kuka_controller.pc'
[0.666s] Level 1:colcon.colcon_core.environment:checking '/home/rishi/kuka_AM/install/kuka_controller/lib/python3.10/site-packages'
[0.667s] Level 1:colcon.colcon_core.environment:checking '/home/rishi/kuka_AM/install/kuka_controller/bin'
[0.667s] INFO:colcon.colcon_core.shell:Creating package script '/home/rishi/kuka_AM/install/kuka_controller/share/kuka_controller/package.ps1'
[0.668s] INFO:colcon.colcon_core.shell:Creating package descriptor '/home/rishi/kuka_AM/install/kuka_controller/share/kuka_controller/package.dsv'
[0.670s] INFO:colcon.colcon_core.shell:Creating package script '/home/rishi/kuka_AM/install/kuka_controller/share/kuka_controller/package.sh'
[0.671s] INFO:colcon.colcon_core.shell:Creating package script '/home/rishi/kuka_AM/install/kuka_controller/share/kuka_controller/package.bash'
[0.672s] INFO:colcon.colcon_core.shell:Creating package script '/home/rishi/kuka_AM/install/kuka_controller/share/kuka_controller/package.zsh'
[0.673s] Level 1:colcon.colcon_core.environment:create_file_with_runtime_dependencies(/home/rishi/kuka_AM/install/kuka_controller/share/colcon-core/packages/kuka_controller)
[0.674s] Level 1:colcon.colcon_core.environment:create_environment_scripts_only(kuka_controller)
[0.675s] Level 1:colcon.colcon_core.environment:checking '/home/rishi/kuka_AM/install/kuka_controller' for CMake module files
[0.676s] Level 1:colcon.colcon_core.environment:checking '/home/rishi/kuka_AM/install/kuka_controller' for CMake config files
[0.677s] Level 1:colcon.colcon_core.shell:create_environment_hook('kuka_controller', 'cmake_prefix_path')
[0.677s] INFO:colcon.colcon_core.shell:Creating environment hook '/home/rishi/kuka_AM/install/kuka_controller/share/kuka_controller/hook/cmake_prefix_path.ps1'
[0.679s] INFO:colcon.colcon_core.shell:Creating environment descriptor '/home/rishi/kuka_AM/install/kuka_controller/share/kuka_controller/hook/cmake_prefix_path.dsv'
[0.679s] INFO:colcon.colcon_core.shell:Creating environment hook '/home/rishi/kuka_AM/install/kuka_controller/share/kuka_controller/hook/cmake_prefix_path.sh'
[0.681s] Level 1:colcon.colcon_core.environment:checking '/home/rishi/kuka_AM/install/kuka_controller/bin'
[0.681s] Level 1:colcon.colcon_core.environment:checking '/home/rishi/kuka_AM/install/kuka_controller/lib/pkgconfig/kuka_controller.pc'
[0.682s] Level 1:colcon.colcon_core.environment:checking '/home/rishi/kuka_AM/install/kuka_controller/lib/python3.10/site-packages'
[0.682s] Level 1:colcon.colcon_core.environment:checking '/home/rishi/kuka_AM/install/kuka_controller/bin'
[0.683s] INFO:colcon.colcon_core.shell:Creating package script '/home/rishi/kuka_AM/install/kuka_controller/share/kuka_controller/package.ps1'
[0.684s] INFO:colcon.colcon_core.shell:Creating package descriptor '/home/rishi/kuka_AM/install/kuka_controller/share/kuka_controller/package.dsv'
[0.686s] INFO:colcon.colcon_core.shell:Creating package script '/home/rishi/kuka_AM/install/kuka_controller/share/kuka_controller/package.sh'
[0.687s] INFO:colcon.colcon_core.shell:Creating package script '/home/rishi/kuka_AM/install/kuka_controller/share/kuka_controller/package.bash'
[0.688s] INFO:colcon.colcon_core.shell:Creating package script '/home/rishi/kuka_AM/install/kuka_controller/share/kuka_controller/package.zsh'
[0.689s] Level 1:colcon.colcon_core.environment:create_file_with_runtime_dependencies(/home/rishi/kuka_AM/install/kuka_controller/share/colcon-core/packages/kuka_controller)
[0.689s] DEBUG:colcon.colcon_parallel_executor.executor.parallel:closing loop
[0.691s] DEBUG:colcon.colcon_parallel_executor.executor.parallel:loop closed
[0.691s] DEBUG:colcon.colcon_parallel_executor.executor.parallel:run_until_complete finished with '0'
[0.691s] DEBUG:colcon.colcon_core.event_reactor:joining thread
[0.705s] INFO:colcon.colcon_core.plugin_system:Skipping extension 'colcon_notification.desktop_notification.terminal_notifier': Not used on non-Darwin systems
[0.705s] INFO:colcon.colcon_core.plugin_system:Skipping extension 'colcon_notification.desktop_notification.win32': Not used on non-Windows systems
[0.705s] INFO:colcon.colcon_notification.desktop_notification:Sending desktop notification using 'notify2'
[0.734s] DEBUG:colcon.colcon_core.event_reactor:joined thread
[0.735s] INFO:colcon.colcon_core.shell:Creating prefix script '/home/rishi/kuka_AM/install/local_setup.ps1'
[0.737s] INFO:colcon.colcon_core.shell:Creating prefix util module '/home/rishi/kuka_AM/install/_local_setup_util_ps1.py'
[0.739s] INFO:colcon.colcon_core.shell:Creating prefix chain script '/home/rishi/kuka_AM/install/setup.ps1'
[0.741s] INFO:colcon.colcon_core.shell:Creating prefix script '/home/rishi/kuka_AM/install/local_setup.sh'
[0.741s] INFO:colcon.colcon_core.shell:Creating prefix util module '/home/rishi/kuka_AM/install/_local_setup_util_sh.py'
[0.742s] INFO:colcon.colcon_core.shell:Creating prefix chain script '/home/rishi/kuka_AM/install/setup.sh'
[0.744s] INFO:colcon.colcon_core.shell:Creating prefix script '/home/rishi/kuka_AM/install/local_setup.bash'
[0.745s] INFO:colcon.colcon_core.shell:Creating prefix chain script '/home/rishi/kuka_AM/install/setup.bash'
[0.746s] INFO:colcon.colcon_core.shell:Creating prefix script '/home/rishi/kuka_AM/install/local_setup.zsh'
[0.746s] INFO:colcon.colcon_core.shell:Creating prefix chain script '/home/rishi/kuka_AM/install/setup.zsh'
