[0.016s] Invoking command in '/home/rishi/kuka_AM/build/kuka_controller': CMAKE_PREFIX_PATH=/opt/ros/humble /usr/bin/cmake /home/rishi/kuka_AM/src/kuka_controller -DCMAKE_INSTALL_PREFIX=/home/rishi/kuka_AM/install/kuka_controller
[0.118s] -- The C compiler identification is GNU 11.4.0
[0.247s] -- The CXX compiler identification is GNU 11.4.0
[0.270s] -- Detecting C compiler ABI info
[0.378s] -- Detecting C compiler ABI info - done
[0.389s] -- Check for working C compiler: /usr/bin/cc - skipped
[0.389s] -- Detecting C compile features
[0.390s] -- Detecting C compile features - done
[0.399s] -- Detecting CXX compiler ABI info
[0.531s] -- Detecting CXX compiler ABI info - done
[0.541s] -- Check for working CXX compiler: /usr/bin/c++ - skipped
[0.542s] -- Detecting CXX compile features
[0.542s] -- Detecting CXX compile features - done
[0.549s] -- Found ament_cmake: 1.3.12 (/opt/ros/humble/share/ament_cmake/cmake)
[1.062s] -- Found Python3: /usr/bin/python3 (found version "3.10.12") found components: Interpreter 
[1.216s] -- Found ament_lint_auto: 0.12.14 (/opt/ros/humble/share/ament_lint_auto/cmake)
[1.346s] -- Added test 'lint_cmake' to check CMake code style
[1.348s] -- Added test 'xmllint' to check XML markup files
[1.350s] -- Configuring done
[1.354s] -- Generating done
[1.357s] -- Build files have been written to: /home/rishi/kuka_AM/build/kuka_controller
[1.363s] Invoked command in '/home/rishi/kuka_AM/build/kuka_controller' returned '0': CMAKE_PREFIX_PATH=/opt/ros/humble /usr/bin/cmake /home/rishi/kuka_AM/src/kuka_controller -DCMAKE_INSTALL_PREFIX=/home/rishi/kuka_AM/install/kuka_controller
[1.365s] Invoking command in '/home/rishi/kuka_AM/build/kuka_controller': CMAKE_PREFIX_PATH=/opt/ros/humble /usr/bin/cmake --build /home/rishi/kuka_AM/build/kuka_controller -- -j8 -l8
[1.420s] Invoked command in '/home/rishi/kuka_AM/build/kuka_controller' returned '0': CMAKE_PREFIX_PATH=/opt/ros/humble /usr/bin/cmake --build /home/rishi/kuka_AM/build/kuka_controller -- -j8 -l8
[1.422s] Invoking command in '/home/rishi/kuka_AM/build/kuka_controller': CMAKE_PREFIX_PATH=/opt/ros/humble /usr/bin/cmake --install /home/rishi/kuka_AM/build/kuka_controller
[1.433s] -- Install configuration: ""
[1.434s] -- Installing: /home/rishi/kuka_AM/install/kuka_controller/share/ament_index/resource_index/package_run_dependencies/kuka_controller
[1.434s] -- Installing: /home/rishi/kuka_AM/install/kuka_controller/share/ament_index/resource_index/parent_prefix_path/kuka_controller
[1.434s] -- Installing: /home/rishi/kuka_AM/install/kuka_controller/share/kuka_controller/environment/ament_prefix_path.sh
[1.434s] -- Installing: /home/rishi/kuka_AM/install/kuka_controller/share/kuka_controller/environment/ament_prefix_path.dsv
[1.435s] -- Installing: /home/rishi/kuka_AM/install/kuka_controller/share/kuka_controller/environment/path.sh
[1.435s] -- Installing: /home/rishi/kuka_AM/install/kuka_controller/share/kuka_controller/environment/path.dsv
[1.435s] -- Installing: /home/rishi/kuka_AM/install/kuka_controller/share/kuka_controller/local_setup.bash
[1.435s] -- Installing: /home/rishi/kuka_AM/install/kuka_controller/share/kuka_controller/local_setup.sh
[1.435s] -- Installing: /home/rishi/kuka_AM/install/kuka_controller/share/kuka_controller/local_setup.zsh
[1.436s] -- Installing: /home/rishi/kuka_AM/install/kuka_controller/share/kuka_controller/local_setup.dsv
[1.436s] -- Installing: /home/rishi/kuka_AM/install/kuka_controller/share/kuka_controller/package.dsv
[1.436s] -- Installing: /home/rishi/kuka_AM/install/kuka_controller/share/ament_index/resource_index/packages/kuka_controller
[1.436s] -- Installing: /home/rishi/kuka_AM/install/kuka_controller/share/kuka_controller/cmake/kuka_controllerConfig.cmake
[1.436s] -- Installing: /home/rishi/kuka_AM/install/kuka_controller/share/kuka_controller/cmake/kuka_controllerConfig-version.cmake
[1.437s] -- Installing: /home/rishi/kuka_AM/install/kuka_controller/share/kuka_controller/package.xml
[1.440s] Invoked command in '/home/rishi/kuka_AM/build/kuka_controller' returned '0': CMAKE_PREFIX_PATH=/opt/ros/humble /usr/bin/cmake --install /home/rishi/kuka_AM/build/kuka_controller
