-- Install configuration: ""
-- Up-to-date: /home/rishi/kuka_AM/install/kuka_description/share/kuka_description/meshes
-- Up-to-date: /home/rishi/kuka_AM/install/kuka_description/share/kuka_description/meshes/kr150_2
-- Up-to-date: /home/rishi/kuka_AM/install/kuka_description/share/kuka_description/meshes/kr150_2/visual
-- Up-to-date: /home/rishi/kuka_AM/install/kuka_description/share/kuka_description/meshes/kr150_2/visual/link_1.dae
-- Up-to-date: /home/rishi/kuka_AM/install/kuka_description/share/kuka_description/meshes/kr150_2/visual/link_5.dae
-- Up-to-date: /home/rishi/kuka_AM/install/kuka_description/share/kuka_description/meshes/kr150_2/visual/link_2.dae
-- Up-to-date: /home/rishi/kuka_AM/install/kuka_description/share/kuka_description/meshes/kr150_2/visual/link_3.dae
-- Up-to-date: /home/rishi/kuka_AM/install/kuka_description/share/kuka_description/meshes/kr150_2/visual/link_6.dae
-- Up-to-date: /home/rishi/kuka_AM/install/kuka_description/share/kuka_description/meshes/kr150_2/visual/base_link.dae
-- Up-to-date: /home/rishi/kuka_AM/install/kuka_description/share/kuka_description/meshes/kr150_2/visual/link_4.dae
-- Up-to-date: /home/rishi/kuka_AM/install/kuka_description/share/kuka_description/meshes/kr150_2/collision
-- Up-to-date: /home/rishi/kuka_AM/install/kuka_description/share/kuka_description/meshes/kr150_2/collision/link_3.stl
-- Up-to-date: /home/rishi/kuka_AM/install/kuka_description/share/kuka_description/meshes/kr150_2/collision/link_5.stl
-- Up-to-date: /home/rishi/kuka_AM/install/kuka_description/share/kuka_description/meshes/kr150_2/collision/link_2.stl
-- Up-to-date: /home/rishi/kuka_AM/install/kuka_description/share/kuka_description/meshes/kr150_2/collision/link_4.stl
-- Up-to-date: /home/rishi/kuka_AM/install/kuka_description/share/kuka_description/meshes/kr150_2/collision/base_link.stl
-- Up-to-date: /home/rishi/kuka_AM/install/kuka_description/share/kuka_description/meshes/kr150_2/collision/link_1.stl
-- Up-to-date: /home/rishi/kuka_AM/install/kuka_description/share/kuka_description/meshes/kr150_2/collision/link_6.stl
-- Up-to-date: /home/rishi/kuka_AM/install/kuka_description/share/kuka_description/urdf
-- Up-to-date: /home/rishi/kuka_AM/install/kuka_description/share/kuka_description/urdf/kr150_2_macro.xacro
-- Installing: /home/rishi/kuka_AM/install/kuka_description/share/kuka_description/urdf/kr150_gazebo.xacro
-- Installing: /home/rishi/kuka_AM/install/kuka_description/share/kuka_description/urdf/kr150_ros2_control.xacro
-- Up-to-date: /home/rishi/kuka_AM/install/kuka_description/share/kuka_description/launch
-- Up-to-date: /home/rishi/kuka_AM/install/kuka_description/share/kuka_description/launch/gazebo.launch.py
-- Up-to-date: /home/rishi/kuka_AM/install/kuka_description/share/kuka_description/launch/display.launch.py
-- Up-to-date: /home/rishi/kuka_AM/install/kuka_description/share/kuka_description/Rviz
-- Up-to-date: /home/rishi/kuka_AM/install/kuka_description/share/kuka_description/Rviz/rviz_visualization.rviz
-- Up-to-date: /home/rishi/kuka_AM/install/kuka_description/share/ament_index/resource_index/package_run_dependencies/kuka_description
-- Up-to-date: /home/rishi/kuka_AM/install/kuka_description/share/ament_index/resource_index/parent_prefix_path/kuka_description
-- Up-to-date: /home/rishi/kuka_AM/install/kuka_description/share/kuka_description/environment/ament_prefix_path.sh
-- Up-to-date: /home/rishi/kuka_AM/install/kuka_description/share/kuka_description/environment/ament_prefix_path.dsv
-- Up-to-date: /home/rishi/kuka_AM/install/kuka_description/share/kuka_description/environment/path.sh
-- Up-to-date: /home/rishi/kuka_AM/install/kuka_description/share/kuka_description/environment/path.dsv
-- Up-to-date: /home/rishi/kuka_AM/install/kuka_description/share/kuka_description/local_setup.bash
-- Up-to-date: /home/rishi/kuka_AM/install/kuka_description/share/kuka_description/local_setup.sh
-- Up-to-date: /home/rishi/kuka_AM/install/kuka_description/share/kuka_description/local_setup.zsh
-- Up-to-date: /home/rishi/kuka_AM/install/kuka_description/share/kuka_description/local_setup.dsv
-- Installing: /home/rishi/kuka_AM/install/kuka_description/share/kuka_description/package.dsv
-- Up-to-date: /home/rishi/kuka_AM/install/kuka_description/share/ament_index/resource_index/packages/kuka_description
-- Up-to-date: /home/rishi/kuka_AM/install/kuka_description/share/kuka_description/cmake/kuka_descriptionConfig.cmake
-- Up-to-date: /home/rishi/kuka_AM/install/kuka_description/share/kuka_description/cmake/kuka_descriptionConfig-version.cmake
-- Up-to-date: /home/rishi/kuka_AM/install/kuka_description/share/kuka_description/package.xml
