[0.016s] Invoking command in '/home/rishi/kuka_AM/build/Kuka_description': CMAKE_PREFIX_PATH=/opt/ros/humble /usr/bin/cmake --build /home/rishi/kuka_AM/build/Kuka_description -- -j8 -l8
[0.043s] -- Found ament_cmake: 1.3.12 (/opt/ros/humble/share/ament_cmake/cmake)
[0.212s] -- Found ament_lint_auto: 0.12.14 (/opt/ros/humble/share/ament_lint_auto/cmake)
[0.282s] WARNING: Package name "Kuka_description" does not follow the naming conventions. It should start with a lower case letter and only contain lower case letters, digits, underscores, and dashes.
[0.316s] -- Added test 'lint_cmake' to check CMake code style
[0.321s] -- Added test 'xmllint' to check XML markup files
[0.323s] -- Configuring done
[0.334s] -- Generating done
[0.339s] -- Build files have been written to: /home/rishi/kuka_AM/build/Kuka_description
[0.382s] Invoked command in '/home/rishi/kuka_AM/build/Kuka_description' returned '0': CMAKE_PREFIX_PATH=/opt/ros/humble /usr/bin/cmake --build /home/rishi/kuka_AM/build/Kuka_description -- -j8 -l8
[0.396s] Invoking command in '/home/rishi/kuka_AM/build/Kuka_description': CMAKE_PREFIX_PATH=/opt/ros/humble /usr/bin/cmake --install /home/rishi/kuka_AM/build/Kuka_description
[0.406s] -- Install configuration: ""
[0.406s] -- Installing: /home/rishi/kuka_AM/install/Kuka_description/share/Kuka_description/urdf
[0.406s] -- Installing: /home/rishi/kuka_AM/install/Kuka_description/share/Kuka_description/urdf/kr150_2_macro.xacro
[0.407s] -- Up-to-date: /home/rishi/kuka_AM/install/Kuka_description/share/ament_index/resource_index/package_run_dependencies/Kuka_description
[0.407s] -- Up-to-date: /home/rishi/kuka_AM/install/Kuka_description/share/ament_index/resource_index/parent_prefix_path/Kuka_description
[0.407s] -- Installing: /home/rishi/kuka_AM/install/Kuka_description/share/Kuka_description/environment/ament_prefix_path.sh
[0.407s] -- Installing: /home/rishi/kuka_AM/install/Kuka_description/share/Kuka_description/environment/ament_prefix_path.dsv
[0.407s] -- Installing: /home/rishi/kuka_AM/install/Kuka_description/share/Kuka_description/environment/path.sh
[0.407s] -- Installing: /home/rishi/kuka_AM/install/Kuka_description/share/Kuka_description/environment/path.dsv
[0.408s] -- Up-to-date: /home/rishi/kuka_AM/install/Kuka_description/share/Kuka_description/local_setup.bash
[0.408s] -- Up-to-date: /home/rishi/kuka_AM/install/Kuka_description/share/Kuka_description/local_setup.sh
[0.408s] -- Up-to-date: /home/rishi/kuka_AM/install/Kuka_description/share/Kuka_description/local_setup.zsh
[0.408s] -- Installing: /home/rishi/kuka_AM/install/Kuka_description/share/Kuka_description/local_setup.dsv
[0.408s] -- Installing: /home/rishi/kuka_AM/install/Kuka_description/share/Kuka_description/package.dsv
[0.408s] -- Up-to-date: /home/rishi/kuka_AM/install/Kuka_description/share/ament_index/resource_index/packages/Kuka_description
[0.409s] -- Up-to-date: /home/rishi/kuka_AM/install/Kuka_description/share/Kuka_description/cmake/Kuka_descriptionConfig.cmake
[0.409s] -- Up-to-date: /home/rishi/kuka_AM/install/Kuka_description/share/Kuka_description/cmake/Kuka_descriptionConfig-version.cmake
[0.409s] -- Up-to-date: /home/rishi/kuka_AM/install/Kuka_description/share/Kuka_description/package.xml
[0.412s] Invoked command in '/home/rishi/kuka_AM/build/Kuka_description' returned '0': CMAKE_PREFIX_PATH=/opt/ros/humble /usr/bin/cmake --install /home/rishi/kuka_AM/build/Kuka_description
