[0.014s] Invoking command in '/home/rishi/kuka_AM/build/kuka_description': CMAKE_PREFIX_PATH=/opt/ros/humble /usr/bin/cmake --build /home/rishi/kuka_AM/build/kuka_description -- -j8 -l8
[0.043s] -- Found ament_cmake: 1.3.12 (/opt/ros/humble/share/ament_cmake/cmake)
[0.229s] -- Found ament_lint_auto: 0.12.14 (/opt/ros/humble/share/ament_lint_auto/cmake)
[0.351s] -- Added test 'flake8' to check Python code syntax and style conventions
[0.354s] -- Added test 'lint_cmake' to check CMake code style
[0.356s] -- Added test 'pep257' to check Python code against some of the docstring style conventions in PEP 257
[0.360s] -- Added test 'xmllint' to check XML markup files
[0.361s] -- Configuring done
[0.365s] -- Generating done
[0.368s] -- Build files have been written to: /home/rishi/kuka_AM/build/kuka_description
[0.417s] Invoked command in '/home/rishi/kuka_AM/build/kuka_description' returned '0': CMAKE_PREFIX_PATH=/opt/ros/humble /usr/bin/cmake --build /home/rishi/kuka_AM/build/kuka_description -- -j8 -l8
[0.420s] Invoking command in '/home/rishi/kuka_AM/build/kuka_description': CMAKE_PREFIX_PATH=/opt/ros/humble /usr/bin/cmake --install /home/rishi/kuka_AM/build/kuka_description
[0.432s] -- Install configuration: ""
[0.433s] -- Up-to-date: /home/rishi/kuka_AM/install/kuka_description/share/kuka_description/meshes
[0.433s] -- Up-to-date: /home/rishi/kuka_AM/install/kuka_description/share/kuka_description/meshes/kr150_2
[0.433s] -- Up-to-date: /home/rishi/kuka_AM/install/kuka_description/share/kuka_description/meshes/kr150_2/visual
[0.433s] -- Up-to-date: /home/rishi/kuka_AM/install/kuka_description/share/kuka_description/meshes/kr150_2/visual/link_1.dae
[0.434s] -- Up-to-date: /home/rishi/kuka_AM/install/kuka_description/share/kuka_description/meshes/kr150_2/visual/link_5.dae
[0.434s] -- Up-to-date: /home/rishi/kuka_AM/install/kuka_description/share/kuka_description/meshes/kr150_2/visual/link_2.dae
[0.434s] -- Up-to-date: /home/rishi/kuka_AM/install/kuka_description/share/kuka_description/meshes/kr150_2/visual/link_3.dae
[0.435s] -- Up-to-date: /home/rishi/kuka_AM/install/kuka_description/share/kuka_description/meshes/kr150_2/visual/link_6.dae
[0.435s] -- Up-to-date: /home/rishi/kuka_AM/install/kuka_description/share/kuka_description/meshes/kr150_2/visual/base_link.dae
[0.436s] -- Up-to-date: /home/rishi/kuka_AM/install/kuka_description/share/kuka_description/meshes/kr150_2/visual/link_4.dae
[0.436s] -- Up-to-date: /home/rishi/kuka_AM/install/kuka_description/share/kuka_description/meshes/kr150_2/collision
[0.436s] -- Up-to-date: /home/rishi/kuka_AM/install/kuka_description/share/kuka_description/meshes/kr150_2/collision/link_3.stl
[0.436s] -- Up-to-date: /home/rishi/kuka_AM/install/kuka_description/share/kuka_description/meshes/kr150_2/collision/link_5.stl
[0.436s] -- Up-to-date: /home/rishi/kuka_AM/install/kuka_description/share/kuka_description/meshes/kr150_2/collision/link_2.stl
[0.437s] -- Up-to-date: /home/rishi/kuka_AM/install/kuka_description/share/kuka_description/meshes/kr150_2/collision/link_4.stl
[0.437s] -- Up-to-date: /home/rishi/kuka_AM/install/kuka_description/share/kuka_description/meshes/kr150_2/collision/base_link.stl
[0.437s] -- Up-to-date: /home/rishi/kuka_AM/install/kuka_description/share/kuka_description/meshes/kr150_2/collision/link_1.stl
[0.437s] -- Up-to-date: /home/rishi/kuka_AM/install/kuka_description/share/kuka_description/meshes/kr150_2/collision/link_6.stl
[0.437s] -- Up-to-date: /home/rishi/kuka_AM/install/kuka_description/share/kuka_description/urdf
[0.437s] -- Up-to-date: /home/rishi/kuka_AM/install/kuka_description/share/kuka_description/urdf/kr150_2_macro.xacro
[0.437s] -- Installing: /home/rishi/kuka_AM/install/kuka_description/share/kuka_description/urdf/kr150_gazebo.xacro
[0.438s] -- Installing: /home/rishi/kuka_AM/install/kuka_description/share/kuka_description/urdf/kr150_ros2_control.xacro
[0.438s] -- Up-to-date: /home/rishi/kuka_AM/install/kuka_description/share/kuka_description/launch
[0.438s] -- Installing: /home/rishi/kuka_AM/install/kuka_description/share/kuka_description/launch/gazebo.launch.py
[0.438s] -- Up-to-date: /home/rishi/kuka_AM/install/kuka_description/share/kuka_description/launch/display.launch.py
[0.438s] -- Up-to-date: /home/rishi/kuka_AM/install/kuka_description/share/kuka_description/Rviz
[0.439s] -- Up-to-date: /home/rishi/kuka_AM/install/kuka_description/share/kuka_description/Rviz/rviz_visualization.rviz
[0.439s] -- Installing: /home/rishi/kuka_AM/install/kuka_description/share/ament_index/resource_index/package_run_dependencies/kuka_description
[0.439s] -- Up-to-date: /home/rishi/kuka_AM/install/kuka_description/share/ament_index/resource_index/parent_prefix_path/kuka_description
[0.439s] -- Up-to-date: /home/rishi/kuka_AM/install/kuka_description/share/kuka_description/environment/ament_prefix_path.sh
[0.439s] -- Installing: /home/rishi/kuka_AM/install/kuka_description/share/kuka_description/environment/ament_prefix_path.dsv
[0.439s] -- Up-to-date: /home/rishi/kuka_AM/install/kuka_description/share/kuka_description/environment/path.sh
[0.439s] -- Installing: /home/rishi/kuka_AM/install/kuka_description/share/kuka_description/environment/path.dsv
[0.439s] -- Up-to-date: /home/rishi/kuka_AM/install/kuka_description/share/kuka_description/local_setup.bash
[0.439s] -- Up-to-date: /home/rishi/kuka_AM/install/kuka_description/share/kuka_description/local_setup.sh
[0.439s] -- Up-to-date: /home/rishi/kuka_AM/install/kuka_description/share/kuka_description/local_setup.zsh
[0.439s] -- Installing: /home/rishi/kuka_AM/install/kuka_description/share/kuka_description/local_setup.dsv
[0.439s] -- Installing: /home/rishi/kuka_AM/install/kuka_description/share/kuka_description/package.dsv
[0.440s] -- Up-to-date: /home/rishi/kuka_AM/install/kuka_description/share/ament_index/resource_index/packages/kuka_description
[0.440s] -- Up-to-date: /home/rishi/kuka_AM/install/kuka_description/share/kuka_description/cmake/kuka_descriptionConfig.cmake
[0.440s] -- Up-to-date: /home/rishi/kuka_AM/install/kuka_description/share/kuka_description/cmake/kuka_descriptionConfig-version.cmake
[0.440s] -- Installing: /home/rishi/kuka_AM/install/kuka_description/share/kuka_description/package.xml
[0.464s] Invoked command in '/home/rishi/kuka_AM/build/kuka_description' returned '0': CMAKE_PREFIX_PATH=/opt/ros/humble /usr/bin/cmake --install /home/rishi/kuka_AM/build/kuka_description
