[0.016s] Invoking command in '/home/rishi/kuka_AM/build/kuka_controller': CMAKE_PREFIX_PATH=/opt/ros/humble /usr/bin/cmake --build /home/rishi/kuka_AM/build/kuka_controller -- -j8 -l8
[0.063s] Invoked command in '/home/rishi/kuka_AM/build/kuka_controller' returned '0': CMAKE_PREFIX_PATH=/opt/ros/humble /usr/bin/cmake --build /home/rishi/kuka_AM/build/kuka_controller -- -j8 -l8
[0.076s] Invoking command in '/home/rishi/kuka_AM/build/kuka_controller': CMAKE_PREFIX_PATH=/opt/ros/humble /usr/bin/cmake --install /home/rishi/kuka_AM/build/kuka_controller
[0.085s] -- Install configuration: ""
[0.085s] -- Up-to-date: /home/rishi/kuka_AM/install/kuka_controller/share/kuka_controller/config
[0.085s] -- Up-to-date: /home/rishi/kuka_AM/install/kuka_controller/share/kuka_controller/config/kukarobot_controller.yaml
[0.086s] -- Up-to-date: /home/rishi/kuka_AM/install/kuka_controller/share/ament_index/resource_index/package_run_dependencies/kuka_controller
[0.086s] -- Up-to-date: /home/rishi/kuka_AM/install/kuka_controller/share/ament_index/resource_index/parent_prefix_path/kuka_controller
[0.086s] -- Up-to-date: /home/rishi/kuka_AM/install/kuka_controller/share/kuka_controller/environment/ament_prefix_path.sh
[0.086s] -- Up-to-date: /home/rishi/kuka_AM/install/kuka_controller/share/kuka_controller/environment/ament_prefix_path.dsv
[0.087s] -- Up-to-date: /home/rishi/kuka_AM/install/kuka_controller/share/kuka_controller/environment/path.sh
[0.087s] -- Up-to-date: /home/rishi/kuka_AM/install/kuka_controller/share/kuka_controller/environment/path.dsv
[0.087s] -- Up-to-date: /home/rishi/kuka_AM/install/kuka_controller/share/kuka_controller/local_setup.bash
[0.087s] -- Up-to-date: /home/rishi/kuka_AM/install/kuka_controller/share/kuka_controller/local_setup.sh
[0.088s] -- Up-to-date: /home/rishi/kuka_AM/install/kuka_controller/share/kuka_controller/local_setup.zsh
[0.089s] -- Up-to-date: /home/rishi/kuka_AM/install/kuka_controller/share/kuka_controller/local_setup.dsv
[0.090s] -- Installing: /home/rishi/kuka_AM/install/kuka_controller/share/kuka_controller/package.dsv
[0.090s] -- Up-to-date: /home/rishi/kuka_AM/install/kuka_controller/share/ament_index/resource_index/packages/kuka_controller
[0.091s] -- Up-to-date: /home/rishi/kuka_AM/install/kuka_controller/share/kuka_controller/cmake/kuka_controllerConfig.cmake
[0.091s] -- Up-to-date: /home/rishi/kuka_AM/install/kuka_controller/share/kuka_controller/cmake/kuka_controllerConfig-version.cmake
[0.091s] -- Up-to-date: /home/rishi/kuka_AM/install/kuka_controller/share/kuka_controller/package.xml
[0.094s] Invoked command in '/home/rishi/kuka_AM/build/kuka_controller' returned '0': CMAKE_PREFIX_PATH=/opt/ros/humble /usr/bin/cmake --install /home/rishi/kuka_AM/build/kuka_controller
