[0.017s] Invoking command in '/home/rishi/kuka_AM/build/kuka_controller': CMAKE_PREFIX_PATH=${CMAKE_PREFIX_PATH}:/opt/ros/humble /usr/bin/cmake --build /home/rishi/kuka_AM/build/kuka_controller -- -j8 -l8
[0.051s] -- Found ament_cmake: 1.3.12 (/opt/ros/humble/share/ament_cmake/cmake)
[0.227s] -- Found ament_lint_auto: 0.12.14 (/opt/ros/humble/share/ament_lint_auto/cmake)
[0.312s] -- Added test 'flake8' to check Python code syntax and style conventions
[0.313s] -- Added test 'lint_cmake' to check CMake code style
[0.313s] -- Added test 'pep257' to check Python code against some of the docstring style conventions in PEP 257
[0.315s] -- Added test 'xmllint' to check XML markup files
[0.316s] -- Configuring done
[0.319s] -- Generating done
[0.322s] -- Build files have been written to: /home/rishi/kuka_AM/build/kuka_controller
[0.360s] Invoked command in '/home/rishi/kuka_AM/build/kuka_controller' returned '0': CMAKE_PREFIX_PATH=${CMAKE_PREFIX_PATH}:/opt/ros/humble /usr/bin/cmake --build /home/rishi/kuka_AM/build/kuka_controller -- -j8 -l8
[0.373s] Invoking command in '/home/rishi/kuka_AM/build/kuka_controller': CMAKE_PREFIX_PATH=${CMAKE_PREFIX_PATH}:/opt/ros/humble /usr/bin/cmake --install /home/rishi/kuka_AM/build/kuka_controller
[0.382s] -- Install configuration: ""
[0.383s] -- Up-to-date: /home/rishi/kuka_AM/install/kuka_controller/share/kuka_controller/config
[0.383s] -- Installing: /home/rishi/kuka_AM/install/kuka_controller/share/kuka_controller/config/kukarobot_controller.yaml
[0.383s] -- Up-to-date: /home/rishi/kuka_AM/install/kuka_controller/share/ament_index/resource_index/package_run_dependencies/kuka_controller
[0.383s] -- Installing: /home/rishi/kuka_AM/install/kuka_controller/share/ament_index/resource_index/parent_prefix_path/kuka_controller
[0.383s] -- Installing: /home/rishi/kuka_AM/install/kuka_controller/share/kuka_controller/environment/ament_prefix_path.sh
[0.383s] -- Installing: /home/rishi/kuka_AM/install/kuka_controller/share/kuka_controller/environment/ament_prefix_path.dsv
[0.384s] -- Installing: /home/rishi/kuka_AM/install/kuka_controller/share/kuka_controller/environment/path.sh
[0.384s] -- Installing: /home/rishi/kuka_AM/install/kuka_controller/share/kuka_controller/environment/path.dsv
[0.384s] -- Up-to-date: /home/rishi/kuka_AM/install/kuka_controller/share/kuka_controller/local_setup.bash
[0.384s] -- Up-to-date: /home/rishi/kuka_AM/install/kuka_controller/share/kuka_controller/local_setup.sh
[0.384s] -- Up-to-date: /home/rishi/kuka_AM/install/kuka_controller/share/kuka_controller/local_setup.zsh
[0.384s] -- Installing: /home/rishi/kuka_AM/install/kuka_controller/share/kuka_controller/local_setup.dsv
[0.384s] -- Installing: /home/rishi/kuka_AM/install/kuka_controller/share/kuka_controller/package.dsv
[0.385s] -- Up-to-date: /home/rishi/kuka_AM/install/kuka_controller/share/ament_index/resource_index/packages/kuka_controller
[0.385s] -- Up-to-date: /home/rishi/kuka_AM/install/kuka_controller/share/kuka_controller/cmake/kuka_controllerConfig.cmake
[0.385s] -- Up-to-date: /home/rishi/kuka_AM/install/kuka_controller/share/kuka_controller/cmake/kuka_controllerConfig-version.cmake
[0.385s] -- Up-to-date: /home/rishi/kuka_AM/install/kuka_controller/share/kuka_controller/package.xml
[0.393s] Invoked command in '/home/rishi/kuka_AM/build/kuka_controller' returned '0': CMAKE_PREFIX_PATH=${CMAKE_PREFIX_PATH}:/opt/ros/humble /usr/bin/cmake --install /home/rishi/kuka_AM/build/kuka_controller
