[0.014s] Invoking command in '/home/rishi/kuka_AM/build/Kuka_description': CMAKE_PREFIX_PATH=/opt/ros/humble /usr/bin/cmake --build /home/rishi/kuka_AM/build/Kuka_description -- -j8 -l8
[0.053s] -- Found ament_cmake: 1.3.12 (/opt/ros/humble/share/ament_cmake/cmake)
[0.220s] -- Found ament_lint_auto: 0.12.14 (/opt/ros/humble/share/ament_lint_auto/cmake)
[0.293s] WARNING: Package name "Kuka_description" does not follow the naming conventions. It should start with a lower case letter and only contain lower case letters, digits, underscores, and dashes.
[0.331s] -- Added test 'flake8' to check Python code syntax and style conventions
[0.334s] -- Added test 'lint_cmake' to check CMake code style
[0.336s] -- Added test 'pep257' to check Python code against some of the docstring style conventions in PEP 257
[0.343s] -- Added test 'xmllint' to check XML markup files
[0.346s] -- Configuring done
[0.354s] -- Generating done
[0.357s] -- Build files have been written to: /home/rishi/kuka_AM/build/Kuka_description
[0.391s] Invoked command in '/home/rishi/kuka_AM/build/Kuka_description' returned '0': CMAKE_PREFIX_PATH=/opt/ros/humble /usr/bin/cmake --build /home/rishi/kuka_AM/build/Kuka_description -- -j8 -l8
[0.405s] Invoking command in '/home/rishi/kuka_AM/build/Kuka_description': CMAKE_PREFIX_PATH=/opt/ros/humble /usr/bin/cmake --install /home/rishi/kuka_AM/build/Kuka_description
[0.414s] -- Install configuration: ""
[0.414s] -- Up-to-date: /home/rishi/kuka_AM/install/Kuka_description/share/Kuka_description/meshes
[0.414s] -- Up-to-date: /home/rishi/kuka_AM/install/Kuka_description/share/Kuka_description/meshes/kr150_2
[0.415s] -- Up-to-date: /home/rishi/kuka_AM/install/Kuka_description/share/Kuka_description/meshes/kr150_2/visual
[0.415s] -- Up-to-date: /home/rishi/kuka_AM/install/Kuka_description/share/Kuka_description/meshes/kr150_2/visual/link_1.dae
[0.415s] -- Up-to-date: /home/rishi/kuka_AM/install/Kuka_description/share/Kuka_description/meshes/kr150_2/visual/link_5.dae
[0.415s] -- Up-to-date: /home/rishi/kuka_AM/install/Kuka_description/share/Kuka_description/meshes/kr150_2/visual/link_2.dae
[0.415s] -- Up-to-date: /home/rishi/kuka_AM/install/Kuka_description/share/Kuka_description/meshes/kr150_2/visual/link_3.dae
[0.415s] -- Up-to-date: /home/rishi/kuka_AM/install/Kuka_description/share/Kuka_description/meshes/kr150_2/visual/link_6.dae
[0.415s] -- Up-to-date: /home/rishi/kuka_AM/install/Kuka_description/share/Kuka_description/meshes/kr150_2/visual/base_link.dae
[0.415s] -- Up-to-date: /home/rishi/kuka_AM/install/Kuka_description/share/Kuka_description/meshes/kr150_2/visual/link_4.dae
[0.416s] -- Up-to-date: /home/rishi/kuka_AM/install/Kuka_description/share/Kuka_description/meshes/kr150_2/collision
[0.416s] -- Up-to-date: /home/rishi/kuka_AM/install/Kuka_description/share/Kuka_description/meshes/kr150_2/collision/link_3.stl
[0.416s] -- Up-to-date: /home/rishi/kuka_AM/install/Kuka_description/share/Kuka_description/meshes/kr150_2/collision/link_5.stl
[0.416s] -- Up-to-date: /home/rishi/kuka_AM/install/Kuka_description/share/Kuka_description/meshes/kr150_2/collision/link_2.stl
[0.416s] -- Up-to-date: /home/rishi/kuka_AM/install/Kuka_description/share/Kuka_description/meshes/kr150_2/collision/link_4.stl
[0.416s] -- Up-to-date: /home/rishi/kuka_AM/install/Kuka_description/share/Kuka_description/meshes/kr150_2/collision/base_link.stl
[0.417s] -- Up-to-date: /home/rishi/kuka_AM/install/Kuka_description/share/Kuka_description/meshes/kr150_2/collision/link_1.stl
[0.417s] -- Up-to-date: /home/rishi/kuka_AM/install/Kuka_description/share/Kuka_description/meshes/kr150_2/collision/link_6.stl
[0.417s] -- Up-to-date: /home/rishi/kuka_AM/install/Kuka_description/share/Kuka_description/urdf
[0.417s] -- Up-to-date: /home/rishi/kuka_AM/install/Kuka_description/share/Kuka_description/urdf/kr150_2_macro.xacro
[0.417s] -- Installing: /home/rishi/kuka_AM/install/Kuka_description/share/Kuka_description/launch
[0.417s] -- Installing: /home/rishi/kuka_AM/install/Kuka_description/share/Kuka_description/launch/display.launch.py
[0.417s] -- Installing: /home/rishi/kuka_AM/install/Kuka_description/share/Kuka_description/Rviz
[0.418s] -- Installing: /home/rishi/kuka_AM/install/Kuka_description/share/Kuka_description/Rviz/rviz_visualization.rviz
[0.418s] -- Installing: /home/rishi/kuka_AM/install/Kuka_description/share/ament_index/resource_index/package_run_dependencies/Kuka_description
[0.418s] -- Up-to-date: /home/rishi/kuka_AM/install/Kuka_description/share/ament_index/resource_index/parent_prefix_path/Kuka_description
[0.418s] -- Up-to-date: /home/rishi/kuka_AM/install/Kuka_description/share/Kuka_description/environment/ament_prefix_path.sh
[0.418s] -- Installing: /home/rishi/kuka_AM/install/Kuka_description/share/Kuka_description/environment/ament_prefix_path.dsv
[0.418s] -- Up-to-date: /home/rishi/kuka_AM/install/Kuka_description/share/Kuka_description/environment/path.sh
[0.418s] -- Installing: /home/rishi/kuka_AM/install/Kuka_description/share/Kuka_description/environment/path.dsv
[0.418s] -- Up-to-date: /home/rishi/kuka_AM/install/Kuka_description/share/Kuka_description/local_setup.bash
[0.419s] -- Up-to-date: /home/rishi/kuka_AM/install/Kuka_description/share/Kuka_description/local_setup.sh
[0.419s] -- Up-to-date: /home/rishi/kuka_AM/install/Kuka_description/share/Kuka_description/local_setup.zsh
[0.419s] -- Installing: /home/rishi/kuka_AM/install/Kuka_description/share/Kuka_description/local_setup.dsv
[0.419s] -- Installing: /home/rishi/kuka_AM/install/Kuka_description/share/Kuka_description/package.dsv
[0.419s] -- Up-to-date: /home/rishi/kuka_AM/install/Kuka_description/share/ament_index/resource_index/packages/Kuka_description
[0.419s] -- Up-to-date: /home/rishi/kuka_AM/install/Kuka_description/share/Kuka_description/cmake/Kuka_descriptionConfig.cmake
[0.419s] -- Up-to-date: /home/rishi/kuka_AM/install/Kuka_description/share/Kuka_description/cmake/Kuka_descriptionConfig-version.cmake
[0.419s] -- Installing: /home/rishi/kuka_AM/install/Kuka_description/share/Kuka_description/package.xml
[0.421s] Invoked command in '/home/rishi/kuka_AM/build/Kuka_description' returned '0': CMAKE_PREFIX_PATH=/opt/ros/humble /usr/bin/cmake --install /home/rishi/kuka_AM/build/Kuka_description
