[0.018s] Invoking command in '/home/rishi/kuka_AM/build/kuka_controller': CMAKE_PREFIX_PATH=/opt/ros/humble /usr/bin/cmake --build /home/rishi/kuka_AM/build/kuka_controller -- -j8 -l8
[0.065s] Invoked command in '/home/rishi/kuka_AM/build/kuka_controller' returned '0': CMAKE_PREFIX_PATH=/opt/ros/humble /usr/bin/cmake --build /home/rishi/kuka_AM/build/kuka_controller -- -j8 -l8
[0.079s] Invoking command in '/home/rishi/kuka_AM/build/kuka_controller': CMAKE_PREFIX_PATH=/opt/ros/humble /usr/bin/cmake --install /home/rishi/kuka_AM/build/kuka_controller
[0.100s] -- Install configuration: ""
[0.100s] -- Up-to-date: /home/rishi/kuka_AM/install/kuka_controller/share/kuka_controller/config
[0.101s] -- Up-to-date: /home/rishi/kuka_AM/install/kuka_controller/share/kuka_controller/config/kukarobot_controller.yaml
[0.101s] -- Up-to-date: /home/rishi/kuka_AM/install/kuka_controller/share/ament_index/resource_index/package_run_dependencies/kuka_controller
[0.101s] -- Up-to-date: /home/rishi/kuka_AM/install/kuka_controller/share/ament_index/resource_index/parent_prefix_path/kuka_controller
[0.101s] -- Up-to-date: /home/rishi/kuka_AM/install/kuka_controller/share/kuka_controller/environment/ament_prefix_path.sh
[0.101s] -- Up-to-date: /home/rishi/kuka_AM/install/kuka_controller/share/kuka_controller/environment/ament_prefix_path.dsv
[0.101s] -- Up-to-date: /home/rishi/kuka_AM/install/kuka_controller/share/kuka_controller/environment/path.sh
[0.101s] -- Up-to-date: /home/rishi/kuka_AM/install/kuka_controller/share/kuka_controller/environment/path.dsv
[0.101s] -- Up-to-date: /home/rishi/kuka_AM/install/kuka_controller/share/kuka_controller/local_setup.bash
[0.101s] -- Up-to-date: /home/rishi/kuka_AM/install/kuka_controller/share/kuka_controller/local_setup.sh
[0.101s] -- Up-to-date: /home/rishi/kuka_AM/install/kuka_controller/share/kuka_controller/local_setup.zsh
[0.102s] -- Up-to-date: /home/rishi/kuka_AM/install/kuka_controller/share/kuka_controller/local_setup.dsv
[0.102s] -- Up-to-date: /home/rishi/kuka_AM/install/kuka_controller/share/kuka_controller/package.dsv
[0.102s] -- Up-to-date: /home/rishi/kuka_AM/install/kuka_controller/share/ament_index/resource_index/packages/kuka_controller
[0.102s] -- Up-to-date: /home/rishi/kuka_AM/install/kuka_controller/share/kuka_controller/cmake/kuka_controllerConfig.cmake
[0.102s] -- Up-to-date: /home/rishi/kuka_AM/install/kuka_controller/share/kuka_controller/cmake/kuka_controllerConfig-version.cmake
[0.102s] -- Up-to-date: /home/rishi/kuka_AM/install/kuka_controller/share/kuka_controller/package.xml
[0.143s] Invoked command in '/home/rishi/kuka_AM/build/kuka_controller' returned '0': CMAKE_PREFIX_PATH=/opt/ros/humble /usr/bin/cmake --install /home/rishi/kuka_AM/build/kuka_controller
