[0.014s] Invoking command in '/home/rishi/kuka_AM/build/Kuka_description': CMAKE_PREFIX_PATH=/opt/ros/humble /usr/bin/cmake --build /home/rishi/kuka_AM/build/Kuka_description -- -j8 -l8
[0.043s] -- Found ament_cmake: 1.3.12 (/opt/ros/humble/share/ament_cmake/cmake)
[0.205s] -- Found ament_lint_auto: 0.12.14 (/opt/ros/humble/share/ament_lint_auto/cmake)
[0.273s] WARNING: Package name "Kuka_description" does not follow the naming conventions. It should start with a lower case letter and only contain lower case letters, digits, underscores, and dashes.
[0.307s] -- Added test 'lint_cmake' to check CMake code style
[0.312s] -- Added test 'xmllint' to check XML markup files
[0.314s] -- Configuring done
[0.323s] -- Generating done
[0.328s] -- Build files have been written to: /home/rishi/kuka_AM/build/Kuka_description
[0.362s] Invoked command in '/home/rishi/kuka_AM/build/Kuka_description' returned '0': CMAKE_PREFIX_PATH=/opt/ros/humble /usr/bin/cmake --build /home/rishi/kuka_AM/build/Kuka_description -- -j8 -l8
[0.375s] Invoking command in '/home/rishi/kuka_AM/build/Kuka_description': CMAKE_PREFIX_PATH=/opt/ros/humble /usr/bin/cmake --install /home/rishi/kuka_AM/build/Kuka_description
[0.384s] -- Install configuration: ""
[0.384s] -- Installing: /home/rishi/kuka_AM/install/Kuka_description/share/Kuka_description/meshes
[0.384s] -- Installing: /home/rishi/kuka_AM/install/Kuka_description/share/Kuka_description/meshes/link_1.dae
[0.386s] -- Installing: /home/rishi/kuka_AM/install/Kuka_description/share/Kuka_description/meshes/link_5.dae
[0.387s] -- Installing: /home/rishi/kuka_AM/install/Kuka_description/share/Kuka_description/meshes/link_2.dae
[0.388s] -- Installing: /home/rishi/kuka_AM/install/Kuka_description/share/Kuka_description/meshes/link_3.dae
[0.389s] -- Installing: /home/rishi/kuka_AM/install/Kuka_description/share/Kuka_description/meshes/link_6.dae
[0.391s] -- Installing: /home/rishi/kuka_AM/install/Kuka_description/share/Kuka_description/meshes/base_link.dae
[0.391s] -- Installing: /home/rishi/kuka_AM/install/Kuka_description/share/Kuka_description/meshes/link_4.dae
[0.393s] -- Up-to-date: /home/rishi/kuka_AM/install/Kuka_description/share/Kuka_description/urdf
[0.393s] -- Up-to-date: /home/rishi/kuka_AM/install/Kuka_description/share/Kuka_description/urdf/kr150_2_macro.xacro
[0.393s] -- Up-to-date: /home/rishi/kuka_AM/install/Kuka_description/share/ament_index/resource_index/package_run_dependencies/Kuka_description
[0.393s] -- Up-to-date: /home/rishi/kuka_AM/install/Kuka_description/share/ament_index/resource_index/parent_prefix_path/Kuka_description
[0.394s] -- Up-to-date: /home/rishi/kuka_AM/install/Kuka_description/share/Kuka_description/environment/ament_prefix_path.sh
[0.394s] -- Installing: /home/rishi/kuka_AM/install/Kuka_description/share/Kuka_description/environment/ament_prefix_path.dsv
[0.394s] -- Up-to-date: /home/rishi/kuka_AM/install/Kuka_description/share/Kuka_description/environment/path.sh
[0.394s] -- Installing: /home/rishi/kuka_AM/install/Kuka_description/share/Kuka_description/environment/path.dsv
[0.394s] -- Up-to-date: /home/rishi/kuka_AM/install/Kuka_description/share/Kuka_description/local_setup.bash
[0.395s] -- Up-to-date: /home/rishi/kuka_AM/install/Kuka_description/share/Kuka_description/local_setup.sh
[0.395s] -- Up-to-date: /home/rishi/kuka_AM/install/Kuka_description/share/Kuka_description/local_setup.zsh
[0.395s] -- Installing: /home/rishi/kuka_AM/install/Kuka_description/share/Kuka_description/local_setup.dsv
[0.395s] -- Installing: /home/rishi/kuka_AM/install/Kuka_description/share/Kuka_description/package.dsv
[0.395s] -- Up-to-date: /home/rishi/kuka_AM/install/Kuka_description/share/ament_index/resource_index/packages/Kuka_description
[0.396s] -- Up-to-date: /home/rishi/kuka_AM/install/Kuka_description/share/Kuka_description/cmake/Kuka_descriptionConfig.cmake
[0.396s] -- Up-to-date: /home/rishi/kuka_AM/install/Kuka_description/share/Kuka_description/cmake/Kuka_descriptionConfig-version.cmake
[0.396s] -- Up-to-date: /home/rishi/kuka_AM/install/Kuka_description/share/Kuka_description/package.xml
[0.398s] Invoked command in '/home/rishi/kuka_AM/build/Kuka_description' returned '0': CMAKE_PREFIX_PATH=/opt/ros/humble /usr/bin/cmake --install /home/rishi/kuka_AM/build/Kuka_description
