[0.014s] Invoking command in '/home/rishi/kuka_AM/build/Kuka_description': CMAKE_PREFIX_PATH=/opt/ros/humble /usr/bin/cmake /home/rishi/kuka_AM/src/Kuka_description -DCMAKE_INSTALL_PREFIX=/home/rishi/kuka_AM/install/Kuka_description
[0.169s] -- The C compiler identification is GNU 11.4.0
[0.310s] -- The CXX compiler identification is GNU 11.4.0
[0.323s] -- Detecting C compiler ABI info
[0.423s] -- Detecting C compiler ABI info - done
[0.444s] -- Check for working C compiler: /usr/bin/cc - skipped
[0.444s] -- Detecting C compile features
[0.445s] -- Detecting C compile features - done
[0.455s] -- Detecting CXX compiler ABI info
[0.572s] -- Detecting CXX compiler ABI info - done
[0.581s] -- Check for working CXX compiler: /usr/bin/c++ - skipped
[0.581s] -- Detecting CXX compile features
[0.582s] -- Detecting CXX compile features - done
[0.588s] -- Found ament_cmake: 1.3.11 (/opt/ros/humble/share/ament_cmake/cmake)
[1.068s] -- Found Python3: /usr/bin/python3 (found version "3.10.12") found components: Interpreter 
[1.202s] -- Found ament_lint_auto: 0.12.11 (/opt/ros/humble/share/ament_lint_auto/cmake)
[1.270s] WARNING: Package name "Kuka_description" does not follow the naming conventions. It should start with a lower case letter and only contain lower case letters, digits, underscores, and dashes.
[1.335s] -- Added test 'lint_cmake' to check CMake code style
[1.337s] -- Added test 'xmllint' to check XML markup files
[1.340s] -- Configuring done
[1.344s] -- Generating done
[1.347s] -- Build files have been written to: /home/rishi/kuka_AM/build/Kuka_description
[1.352s] Invoked command in '/home/rishi/kuka_AM/build/Kuka_description' returned '0': CMAKE_PREFIX_PATH=/opt/ros/humble /usr/bin/cmake /home/rishi/kuka_AM/src/Kuka_description -DCMAKE_INSTALL_PREFIX=/home/rishi/kuka_AM/install/Kuka_description
[1.354s] Invoking command in '/home/rishi/kuka_AM/build/Kuka_description': CMAKE_PREFIX_PATH=/opt/ros/humble /usr/bin/cmake --build /home/rishi/kuka_AM/build/Kuka_description -- -j8 -l8
[1.423s] Invoked command in '/home/rishi/kuka_AM/build/Kuka_description' returned '0': CMAKE_PREFIX_PATH=/opt/ros/humble /usr/bin/cmake --build /home/rishi/kuka_AM/build/Kuka_description -- -j8 -l8
[1.442s] Invoking command in '/home/rishi/kuka_AM/build/Kuka_description': CMAKE_PREFIX_PATH=/opt/ros/humble /usr/bin/cmake --install /home/rishi/kuka_AM/build/Kuka_description
[1.460s] -- Install configuration: ""
[1.460s] -- Installing: /home/rishi/kuka_AM/install/Kuka_description/share/ament_index/resource_index/package_run_dependencies/Kuka_description
[1.461s] -- Installing: /home/rishi/kuka_AM/install/Kuka_description/share/ament_index/resource_index/parent_prefix_path/Kuka_description
[1.461s] -- Installing: /home/rishi/kuka_AM/install/Kuka_description/share/Kuka_description/environment/ament_prefix_path.sh
[1.462s] -- Installing: /home/rishi/kuka_AM/install/Kuka_description/share/Kuka_description/environment/ament_prefix_path.dsv
[1.462s] -- Installing: /home/rishi/kuka_AM/install/Kuka_description/share/Kuka_description/environment/path.sh
[1.462s] -- Installing: /home/rishi/kuka_AM/install/Kuka_description/share/Kuka_description/environment/path.dsv
[1.463s] -- Installing: /home/rishi/kuka_AM/install/Kuka_description/share/Kuka_description/local_setup.bash
[1.463s] -- Installing: /home/rishi/kuka_AM/install/Kuka_description/share/Kuka_description/local_setup.sh
[1.463s] -- Installing: /home/rishi/kuka_AM/install/Kuka_description/share/Kuka_description/local_setup.zsh
[1.463s] -- Installing: /home/rishi/kuka_AM/install/Kuka_description/share/Kuka_description/local_setup.dsv
[1.464s] -- Installing: /home/rishi/kuka_AM/install/Kuka_description/share/Kuka_description/package.dsv
[1.464s] -- Installing: /home/rishi/kuka_AM/install/Kuka_description/share/ament_index/resource_index/packages/Kuka_description
[1.464s] -- Installing: /home/rishi/kuka_AM/install/Kuka_description/share/Kuka_description/cmake/Kuka_descriptionConfig.cmake
[1.464s] -- Installing: /home/rishi/kuka_AM/install/Kuka_description/share/Kuka_description/cmake/Kuka_descriptionConfig-version.cmake
[1.465s] -- Installing: /home/rishi/kuka_AM/install/Kuka_description/share/Kuka_description/package.xml
[1.467s] Invoked command in '/home/rishi/kuka_AM/build/Kuka_description' returned '0': CMAKE_PREFIX_PATH=/opt/ros/humble /usr/bin/cmake --install /home/rishi/kuka_AM/build/Kuka_description
