[0.125s] DEBUG:colcon:Command line arguments: ['/usr/bin/colcon', 'build']
[0.126s] DEBUG:colcon:Parsed command line arguments: Namespace(log_base=None, log_level=None, verb_name='build', build_base='build', install_base='install', merge_install=False, symlink_install=False, test_result_base=None, continue_on_error=False, executor='parallel', parallel_workers=8, event_handlers=None, ignore_user_meta=False, metas=['./colcon.meta'], base_paths=['.'], packages_ignore=None, packages_ignore_regex=None, paths=None, packages_up_to=None, packages_up_to_regex=None, packages_above=None, packages_above_and_dependencies=None, packages_above_depth=None, packages_select_by_dep=None, packages_skip_by_dep=None, packages_skip_up_to=None, packages_select_build_failed=False, packages_skip_build_finished=False, packages_select_test_failures=False, packages_skip_test_passed=False, packages_select=None, packages_skip=None, packages_select_regex=None, packages_skip_regex=None, packages_start=None, packages_end=None, allow_overriding=[], cmake_args=None, cmake_target=None, cmake_target_skip_unavailable=False, cmake_clean_cache=False, cmake_clean_first=False, cmake_force_configure=False, ament_cmake_args=None, catkin_cmake_args=None, catkin_skip_building_tests=False, mixin_files=None, mixin=None, verb_parser=<colcon_mixin.mixin.mixin_argument.MixinArgumentDecorator object at 0x7271014a09a0>, verb_extension=<colcon_core.verb.build.BuildVerb object at 0x7271014a0430>, main=<bound method BuildVerb.main of <colcon_core.verb.build.BuildVerb object at 0x7271014a0430>>, mixin_verb=('build',))
[0.167s] Level 1:colcon.colcon_core.package_discovery:discover_packages(colcon_meta) check parameters
[0.167s] Level 1:colcon.colcon_core.package_discovery:discover_packages(recursive) check parameters
[0.167s] Level 1:colcon.colcon_core.package_discovery:discover_packages(ignore) check parameters
[0.167s] Level 1:colcon.colcon_core.package_discovery:discover_packages(path) check parameters
[0.167s] Level 1:colcon.colcon_core.package_discovery:discover_packages(colcon_meta) discover
[0.167s] Level 1:colcon.colcon_core.package_discovery:discover_packages(recursive) discover
[0.167s] INFO:colcon.colcon_core.package_discovery:Crawling recursively for packages in '/home/rishi/kuka_AM'
[0.168s] Level 1:colcon.colcon_core.package_identification:_identify(.) by extensions ['ignore', 'ignore_ament_install']
[0.168s] Level 1:colcon.colcon_core.package_identification:_identify(.) by extension 'ignore'
[0.168s] Level 1:colcon.colcon_core.package_identification:_identify(.) by extension 'ignore_ament_install'
[0.168s] Level 1:colcon.colcon_core.package_identification:_identify(.) by extensions ['colcon_pkg']
[0.168s] Level 1:colcon.colcon_core.package_identification:_identify(.) by extension 'colcon_pkg'
[0.168s] Level 1:colcon.colcon_core.package_identification:_identify(.) by extensions ['colcon_meta']
[0.168s] Level 1:colcon.colcon_core.package_identification:_identify(.) by extension 'colcon_meta'
[0.168s] Level 1:colcon.colcon_core.package_identification:_identify(.) by extensions ['ros']
[0.168s] Level 1:colcon.colcon_core.package_identification:_identify(.) by extension 'ros'
[0.184s] Level 1:colcon.colcon_core.package_identification:_identify(.) by extensions ['cmake', 'python']
[0.185s] Level 1:colcon.colcon_core.package_identification:_identify(.) by extension 'cmake'
[0.185s] Level 1:colcon.colcon_core.package_identification:_identify(.) by extension 'python'
[0.185s] Level 1:colcon.colcon_core.package_identification:_identify(.) by extensions ['python_setup_py']
[0.185s] Level 1:colcon.colcon_core.package_identification:_identify(.) by extension 'python_setup_py'
[0.185s] Level 1:colcon.colcon_core.package_identification:_identify(build) by extensions ['ignore', 'ignore_ament_install']
[0.185s] Level 1:colcon.colcon_core.package_identification:_identify(build) by extension 'ignore'
[0.185s] Level 1:colcon.colcon_core.package_identification:_identify(build) ignored
[0.185s] Level 1:colcon.colcon_core.package_identification:_identify(install) by extensions ['ignore', 'ignore_ament_install']
[0.185s] Level 1:colcon.colcon_core.package_identification:_identify(install) by extension 'ignore'
[0.185s] Level 1:colcon.colcon_core.package_identification:_identify(install) ignored
[0.185s] Level 1:colcon.colcon_core.package_identification:_identify(log) by extensions ['ignore', 'ignore_ament_install']
[0.186s] Level 1:colcon.colcon_core.package_identification:_identify(log) by extension 'ignore'
[0.186s] Level 1:colcon.colcon_core.package_identification:_identify(log) ignored
[0.186s] Level 1:colcon.colcon_core.package_identification:_identify(src) by extensions ['ignore', 'ignore_ament_install']
[0.186s] Level 1:colcon.colcon_core.package_identification:_identify(src) by extension 'ignore'
[0.186s] Level 1:colcon.colcon_core.package_identification:_identify(src) by extension 'ignore_ament_install'
[0.186s] Level 1:colcon.colcon_core.package_identification:_identify(src) by extensions ['colcon_pkg']
[0.186s] Level 1:colcon.colcon_core.package_identification:_identify(src) by extension 'colcon_pkg'
[0.186s] Level 1:colcon.colcon_core.package_identification:_identify(src) by extensions ['colcon_meta']
[0.186s] Level 1:colcon.colcon_core.package_identification:_identify(src) by extension 'colcon_meta'
[0.186s] Level 1:colcon.colcon_core.package_identification:_identify(src) by extensions ['ros']
[0.186s] Level 1:colcon.colcon_core.package_identification:_identify(src) by extension 'ros'
[0.186s] Level 1:colcon.colcon_core.package_identification:_identify(src) by extensions ['cmake', 'python']
[0.186s] Level 1:colcon.colcon_core.package_identification:_identify(src) by extension 'cmake'
[0.186s] Level 1:colcon.colcon_core.package_identification:_identify(src) by extension 'python'
[0.186s] Level 1:colcon.colcon_core.package_identification:_identify(src) by extensions ['python_setup_py']
[0.186s] Level 1:colcon.colcon_core.package_identification:_identify(src) by extension 'python_setup_py'
[0.186s] Level 1:colcon.colcon_core.package_identification:_identify(src/Kuka_description) by extensions ['ignore', 'ignore_ament_install']
[0.186s] Level 1:colcon.colcon_core.package_identification:_identify(src/Kuka_description) by extension 'ignore'
[0.187s] Level 1:colcon.colcon_core.package_identification:_identify(src/Kuka_description) by extension 'ignore_ament_install'
[0.187s] Level 1:colcon.colcon_core.package_identification:_identify(src/Kuka_description) by extensions ['colcon_pkg']
[0.187s] Level 1:colcon.colcon_core.package_identification:_identify(src/Kuka_description) by extension 'colcon_pkg'
[0.187s] Level 1:colcon.colcon_core.package_identification:_identify(src/Kuka_description) by extensions ['colcon_meta']
[0.187s] Level 1:colcon.colcon_core.package_identification:_identify(src/Kuka_description) by extension 'colcon_meta'
[0.187s] Level 1:colcon.colcon_core.package_identification:_identify(src/Kuka_description) by extensions ['ros']
[0.187s] Level 1:colcon.colcon_core.package_identification:_identify(src/Kuka_description) by extension 'ros'
[0.192s] DEBUG:colcon.colcon_core.package_identification:Package 'src/Kuka_description' with type 'ros.ament_cmake' and name 'kuka_description'
[0.192s] Level 1:colcon.colcon_core.package_identification:_identify(src/kuka_controller) by extensions ['ignore', 'ignore_ament_install']
[0.192s] Level 1:colcon.colcon_core.package_identification:_identify(src/kuka_controller) by extension 'ignore'
[0.192s] Level 1:colcon.colcon_core.package_identification:_identify(src/kuka_controller) by extension 'ignore_ament_install'
[0.192s] Level 1:colcon.colcon_core.package_identification:_identify(src/kuka_controller) by extensions ['colcon_pkg']
[0.192s] Level 1:colcon.colcon_core.package_identification:_identify(src/kuka_controller) by extension 'colcon_pkg'
[0.192s] Level 1:colcon.colcon_core.package_identification:_identify(src/kuka_controller) by extensions ['colcon_meta']
[0.192s] Level 1:colcon.colcon_core.package_identification:_identify(src/kuka_controller) by extension 'colcon_meta'
[0.192s] Level 1:colcon.colcon_core.package_identification:_identify(src/kuka_controller) by extensions ['ros']
[0.192s] Level 1:colcon.colcon_core.package_identification:_identify(src/kuka_controller) by extension 'ros'
[0.193s] DEBUG:colcon.colcon_core.package_identification:Package 'src/kuka_controller' with type 'ros.ament_cmake' and name 'kuka_controller'
[0.193s] Level 1:colcon.colcon_core.package_discovery:discover_packages(recursive) using defaults
[0.193s] Level 1:colcon.colcon_core.package_discovery:discover_packages(ignore) discover
[0.194s] Level 1:colcon.colcon_core.package_discovery:discover_packages(ignore) using defaults
[0.194s] Level 1:colcon.colcon_core.package_discovery:discover_packages(path) discover
[0.194s] Level 1:colcon.colcon_core.package_discovery:discover_packages(path) using defaults
[0.216s] Level 1:colcon.colcon_core.package_discovery:discover_packages(prefix_path) check parameters
[0.217s] Level 1:colcon.colcon_core.package_discovery:discover_packages(prefix_path) discover
[0.218s] DEBUG:colcon.colcon_installed_package_information.package_discovery:Found 3 installed packages in /home/rishi/kuka_AM/install
[0.221s] DEBUG:colcon.colcon_installed_package_information.package_discovery:Found 392 installed packages in /opt/ros/humble
[0.223s] Level 1:colcon.colcon_core.package_discovery:discover_packages(prefix_path) using defaults
[0.277s] Level 5:colcon.colcon_core.verb:set package 'kuka_description' build argument 'cmake_args' from command line to 'None'
[0.277s] Level 5:colcon.colcon_core.verb:set package 'kuka_description' build argument 'cmake_target' from command line to 'None'
[0.277s] Level 5:colcon.colcon_core.verb:set package 'kuka_description' build argument 'cmake_target_skip_unavailable' from command line to 'False'
[0.277s] Level 5:colcon.colcon_core.verb:set package 'kuka_description' build argument 'cmake_clean_cache' from command line to 'False'
[0.277s] Level 5:colcon.colcon_core.verb:set package 'kuka_description' build argument 'cmake_clean_first' from command line to 'False'
[0.277s] Level 5:colcon.colcon_core.verb:set package 'kuka_description' build argument 'cmake_force_configure' from command line to 'False'
[0.278s] Level 5:colcon.colcon_core.verb:set package 'kuka_description' build argument 'ament_cmake_args' from command line to 'None'
[0.278s] Level 5:colcon.colcon_core.verb:set package 'kuka_description' build argument 'catkin_cmake_args' from command line to 'None'
[0.278s] Level 5:colcon.colcon_core.verb:set package 'kuka_description' build argument 'catkin_skip_building_tests' from command line to 'False'
[0.278s] DEBUG:colcon.colcon_core.verb:Building package 'kuka_description' with the following arguments: {'ament_cmake_args': None, 'build_base': '/home/rishi/kuka_AM/build/kuka_description', 'catkin_cmake_args': None, 'catkin_skip_building_tests': False, 'cmake_args': None, 'cmake_clean_cache': False, 'cmake_clean_first': False, 'cmake_force_configure': False, 'cmake_target': None, 'cmake_target_skip_unavailable': False, 'install_base': '/home/rishi/kuka_AM/install/kuka_description', 'merge_install': False, 'path': '/home/rishi/kuka_AM/src/Kuka_description', 'symlink_install': False, 'test_result_base': None}
[0.278s] Level 5:colcon.colcon_core.verb:set package 'kuka_controller' build argument 'cmake_args' from command line to 'None'
[0.278s] Level 5:colcon.colcon_core.verb:set package 'kuka_controller' build argument 'cmake_target' from command line to 'None'
[0.278s] Level 5:colcon.colcon_core.verb:set package 'kuka_controller' build argument 'cmake_target_skip_unavailable' from command line to 'False'
[0.278s] Level 5:colcon.colcon_core.verb:set package 'kuka_controller' build argument 'cmake_clean_cache' from command line to 'False'
[0.278s] Level 5:colcon.colcon_core.verb:set package 'kuka_controller' build argument 'cmake_clean_first' from command line to 'False'
[0.278s] Level 5:colcon.colcon_core.verb:set package 'kuka_controller' build argument 'cmake_force_configure' from command line to 'False'
[0.278s] Level 5:colcon.colcon_core.verb:set package 'kuka_controller' build argument 'ament_cmake_args' from command line to 'None'
[0.278s] Level 5:colcon.colcon_core.verb:set package 'kuka_controller' build argument 'catkin_cmake_args' from command line to 'None'
[0.278s] Level 5:colcon.colcon_core.verb:set package 'kuka_controller' build argument 'catkin_skip_building_tests' from command line to 'False'
[0.278s] DEBUG:colcon.colcon_core.verb:Building package 'kuka_controller' with the following arguments: {'ament_cmake_args': None, 'build_base': '/home/rishi/kuka_AM/build/kuka_controller', 'catkin_cmake_args': None, 'catkin_skip_building_tests': False, 'cmake_args': None, 'cmake_clean_cache': False, 'cmake_clean_first': False, 'cmake_force_configure': False, 'cmake_target': None, 'cmake_target_skip_unavailable': False, 'install_base': '/home/rishi/kuka_AM/install/kuka_controller', 'merge_install': False, 'path': '/home/rishi/kuka_AM/src/kuka_controller', 'symlink_install': False, 'test_result_base': None}
[0.278s] INFO:colcon.colcon_core.executor:Executing jobs using 'parallel' executor
[0.280s] DEBUG:colcon.colcon_parallel_executor.executor.parallel:run_until_complete
[0.280s] INFO:colcon.colcon_ros.task.ament_cmake.build:Building ROS package in '/home/rishi/kuka_AM/src/Kuka_description' with build type 'ament_cmake'
[0.280s] INFO:colcon.colcon_cmake.task.cmake.build:Building CMake package in '/home/rishi/kuka_AM/src/Kuka_description'
[0.282s] INFO:colcon.colcon_core.plugin_system:Skipping extension 'colcon_core.shell.bat': Not used on non-Windows systems
[0.283s] INFO:colcon.colcon_core.shell:Skip shell extension 'powershell' for command environment: Not usable outside of PowerShell
[0.283s] DEBUG:colcon.colcon_core.shell:Skip shell extension 'dsv' for command environment
[0.296s] DEBUG:colcon.colcon_core.event_handler.log_command:Invoking command in '/home/rishi/kuka_AM/build/kuka_description': CMAKE_PREFIX_PATH=${CMAKE_PREFIX_PATH}:/opt/ros/humble /usr/bin/cmake --build /home/rishi/kuka_AM/build/kuka_description -- -j8 -l8
[0.360s] DEBUG:colcon.colcon_core.event_handler.log_command:Invoked command in '/home/rishi/kuka_AM/build/kuka_description' returned '0': CMAKE_PREFIX_PATH=${CMAKE_PREFIX_PATH}:/opt/ros/humble /usr/bin/cmake --build /home/rishi/kuka_AM/build/kuka_description -- -j8 -l8
[0.374s] DEBUG:colcon.colcon_core.event_handler.log_command:Invoking command in '/home/rishi/kuka_AM/build/kuka_description': CMAKE_PREFIX_PATH=${CMAKE_PREFIX_PATH}:/opt/ros/humble /usr/bin/cmake --install /home/rishi/kuka_AM/build/kuka_description
[0.388s] Level 1:colcon.colcon_core.environment:create_environment_scripts_only(kuka_description)
[0.397s] DEBUG:colcon.colcon_core.event_handler.log_command:Invoked command in '/home/rishi/kuka_AM/build/kuka_description' returned '0': CMAKE_PREFIX_PATH=${CMAKE_PREFIX_PATH}:/opt/ros/humble /usr/bin/cmake --install /home/rishi/kuka_AM/build/kuka_description
[0.400s] Level 1:colcon.colcon_core.environment:checking '/home/rishi/kuka_AM/install/kuka_description' for CMake module files
[0.402s] Level 1:colcon.colcon_core.environment:checking '/home/rishi/kuka_AM/install/kuka_description' for CMake config files
[0.403s] Level 1:colcon.colcon_core.shell:create_environment_hook('kuka_description', 'cmake_prefix_path')
[0.404s] INFO:colcon.colcon_core.shell:Creating environment hook '/home/rishi/kuka_AM/install/kuka_description/share/kuka_description/hook/cmake_prefix_path.ps1'
[0.405s] INFO:colcon.colcon_core.shell:Creating environment descriptor '/home/rishi/kuka_AM/install/kuka_description/share/kuka_description/hook/cmake_prefix_path.dsv'
[0.407s] INFO:colcon.colcon_core.shell:Creating environment hook '/home/rishi/kuka_AM/install/kuka_description/share/kuka_description/hook/cmake_prefix_path.sh'
[0.410s] Level 1:colcon.colcon_core.environment:checking '/home/rishi/kuka_AM/install/kuka_description/bin'
[0.410s] Level 1:colcon.colcon_core.environment:checking '/home/rishi/kuka_AM/install/kuka_description/lib/pkgconfig/kuka_description.pc'
[0.410s] Level 1:colcon.colcon_core.environment:checking '/home/rishi/kuka_AM/install/kuka_description/lib/python3.10/site-packages'
[0.411s] Level 1:colcon.colcon_core.environment:checking '/home/rishi/kuka_AM/install/kuka_description/bin'
[0.412s] INFO:colcon.colcon_core.shell:Creating package script '/home/rishi/kuka_AM/install/kuka_description/share/kuka_description/package.ps1'
[0.414s] INFO:colcon.colcon_core.shell:Creating package descriptor '/home/rishi/kuka_AM/install/kuka_description/share/kuka_description/package.dsv'
[0.416s] INFO:colcon.colcon_core.shell:Creating package script '/home/rishi/kuka_AM/install/kuka_description/share/kuka_description/package.sh'
[0.418s] INFO:colcon.colcon_core.shell:Creating package script '/home/rishi/kuka_AM/install/kuka_description/share/kuka_description/package.bash'
[0.420s] INFO:colcon.colcon_core.shell:Creating package script '/home/rishi/kuka_AM/install/kuka_description/share/kuka_description/package.zsh'
[0.421s] Level 1:colcon.colcon_core.environment:create_file_with_runtime_dependencies(/home/rishi/kuka_AM/install/kuka_description/share/colcon-core/packages/kuka_description)
[0.422s] Level 1:colcon.colcon_core.environment:create_environment_scripts_only(kuka_description)
[0.423s] Level 1:colcon.colcon_core.environment:checking '/home/rishi/kuka_AM/install/kuka_description' for CMake module files
[0.423s] Level 1:colcon.colcon_core.environment:checking '/home/rishi/kuka_AM/install/kuka_description' for CMake config files
[0.424s] Level 1:colcon.colcon_core.shell:create_environment_hook('kuka_description', 'cmake_prefix_path')
[0.424s] INFO:colcon.colcon_core.shell:Creating environment hook '/home/rishi/kuka_AM/install/kuka_description/share/kuka_description/hook/cmake_prefix_path.ps1'
[0.424s] INFO:colcon.colcon_core.shell:Creating environment descriptor '/home/rishi/kuka_AM/install/kuka_description/share/kuka_description/hook/cmake_prefix_path.dsv'
[0.425s] INFO:colcon.colcon_core.shell:Creating environment hook '/home/rishi/kuka_AM/install/kuka_description/share/kuka_description/hook/cmake_prefix_path.sh'
[0.425s] Level 1:colcon.colcon_core.environment:checking '/home/rishi/kuka_AM/install/kuka_description/bin'
[0.425s] Level 1:colcon.colcon_core.environment:checking '/home/rishi/kuka_AM/install/kuka_description/lib/pkgconfig/kuka_description.pc'
[0.425s] Level 1:colcon.colcon_core.environment:checking '/home/rishi/kuka_AM/install/kuka_description/lib/python3.10/site-packages'
[0.426s] Level 1:colcon.colcon_core.environment:checking '/home/rishi/kuka_AM/install/kuka_description/bin'
[0.426s] INFO:colcon.colcon_core.shell:Creating package script '/home/rishi/kuka_AM/install/kuka_description/share/kuka_description/package.ps1'
[0.427s] INFO:colcon.colcon_core.shell:Creating package descriptor '/home/rishi/kuka_AM/install/kuka_description/share/kuka_description/package.dsv'
[0.427s] INFO:colcon.colcon_core.shell:Creating package script '/home/rishi/kuka_AM/install/kuka_description/share/kuka_description/package.sh'
[0.427s] INFO:colcon.colcon_core.shell:Creating package script '/home/rishi/kuka_AM/install/kuka_description/share/kuka_description/package.bash'
[0.428s] INFO:colcon.colcon_core.shell:Creating package script '/home/rishi/kuka_AM/install/kuka_description/share/kuka_description/package.zsh'
[0.429s] Level 1:colcon.colcon_core.environment:create_file_with_runtime_dependencies(/home/rishi/kuka_AM/install/kuka_description/share/colcon-core/packages/kuka_description)
[0.429s] INFO:colcon.colcon_ros.task.ament_cmake.build:Building ROS package in '/home/rishi/kuka_AM/src/kuka_controller' with build type 'ament_cmake'
[0.429s] INFO:colcon.colcon_cmake.task.cmake.build:Building CMake package in '/home/rishi/kuka_AM/src/kuka_controller'
[0.429s] INFO:colcon.colcon_core.shell:Skip shell extension 'powershell' for command environment: Not usable outside of PowerShell
[0.429s] DEBUG:colcon.colcon_core.shell:Skip shell extension 'dsv' for command environment
[0.444s] DEBUG:colcon.colcon_core.event_handler.log_command:Invoking command in '/home/rishi/kuka_AM/build/kuka_controller': CMAKE_PREFIX_PATH=${CMAKE_PREFIX_PATH}:/opt/ros/humble /usr/bin/cmake --build /home/rishi/kuka_AM/build/kuka_controller -- -j8 -l8
[0.514s] DEBUG:colcon.colcon_core.event_handler.log_command:Invoked command in '/home/rishi/kuka_AM/build/kuka_controller' returned '0': CMAKE_PREFIX_PATH=${CMAKE_PREFIX_PATH}:/opt/ros/humble /usr/bin/cmake --build /home/rishi/kuka_AM/build/kuka_controller -- -j8 -l8
[0.516s] DEBUG:colcon.colcon_core.event_handler.log_command:Invoking command in '/home/rishi/kuka_AM/build/kuka_controller': CMAKE_PREFIX_PATH=${CMAKE_PREFIX_PATH}:/opt/ros/humble /usr/bin/cmake --install /home/rishi/kuka_AM/build/kuka_controller
[0.531s] Level 1:colcon.colcon_core.environment:create_environment_scripts_only(kuka_controller)
[0.531s] Level 1:colcon.colcon_core.environment:checking '/home/rishi/kuka_AM/install/kuka_controller' for CMake module files
[0.532s] DEBUG:colcon.colcon_core.event_handler.log_command:Invoked command in '/home/rishi/kuka_AM/build/kuka_controller' returned '0': CMAKE_PREFIX_PATH=${CMAKE_PREFIX_PATH}:/opt/ros/humble /usr/bin/cmake --install /home/rishi/kuka_AM/build/kuka_controller
[0.533s] Level 1:colcon.colcon_core.environment:checking '/home/rishi/kuka_AM/install/kuka_controller' for CMake config files
[0.534s] Level 1:colcon.colcon_core.shell:create_environment_hook('kuka_controller', 'cmake_prefix_path')
[0.535s] INFO:colcon.colcon_core.shell:Creating environment hook '/home/rishi/kuka_AM/install/kuka_controller/share/kuka_controller/hook/cmake_prefix_path.ps1'
[0.536s] INFO:colcon.colcon_core.shell:Creating environment descriptor '/home/rishi/kuka_AM/install/kuka_controller/share/kuka_controller/hook/cmake_prefix_path.dsv'
[0.537s] INFO:colcon.colcon_core.shell:Creating environment hook '/home/rishi/kuka_AM/install/kuka_controller/share/kuka_controller/hook/cmake_prefix_path.sh'
[0.539s] Level 1:colcon.colcon_core.environment:checking '/home/rishi/kuka_AM/install/kuka_controller/bin'
[0.540s] Level 1:colcon.colcon_core.environment:checking '/home/rishi/kuka_AM/install/kuka_controller/lib/pkgconfig/kuka_controller.pc'
[0.540s] Level 1:colcon.colcon_core.environment:checking '/home/rishi/kuka_AM/install/kuka_controller/lib/python3.10/site-packages'
[0.541s] Level 1:colcon.colcon_core.environment:checking '/home/rishi/kuka_AM/install/kuka_controller/bin'
[0.542s] INFO:colcon.colcon_core.shell:Creating package script '/home/rishi/kuka_AM/install/kuka_controller/share/kuka_controller/package.ps1'
[0.544s] INFO:colcon.colcon_core.shell:Creating package descriptor '/home/rishi/kuka_AM/install/kuka_controller/share/kuka_controller/package.dsv'
[0.545s] INFO:colcon.colcon_core.shell:Creating package script '/home/rishi/kuka_AM/install/kuka_controller/share/kuka_controller/package.sh'
[0.547s] INFO:colcon.colcon_core.shell:Creating package script '/home/rishi/kuka_AM/install/kuka_controller/share/kuka_controller/package.bash'
[0.548s] INFO:colcon.colcon_core.shell:Creating package script '/home/rishi/kuka_AM/install/kuka_controller/share/kuka_controller/package.zsh'
[0.549s] Level 1:colcon.colcon_core.environment:create_file_with_runtime_dependencies(/home/rishi/kuka_AM/install/kuka_controller/share/colcon-core/packages/kuka_controller)
[0.551s] Level 1:colcon.colcon_core.environment:create_environment_scripts_only(kuka_controller)
[0.551s] Level 1:colcon.colcon_core.environment:checking '/home/rishi/kuka_AM/install/kuka_controller' for CMake module files
[0.553s] Level 1:colcon.colcon_core.environment:checking '/home/rishi/kuka_AM/install/kuka_controller' for CMake config files
[0.553s] Level 1:colcon.colcon_core.shell:create_environment_hook('kuka_controller', 'cmake_prefix_path')
[0.554s] INFO:colcon.colcon_core.shell:Creating environment hook '/home/rishi/kuka_AM/install/kuka_controller/share/kuka_controller/hook/cmake_prefix_path.ps1'
[0.555s] INFO:colcon.colcon_core.shell:Creating environment descriptor '/home/rishi/kuka_AM/install/kuka_controller/share/kuka_controller/hook/cmake_prefix_path.dsv'
[0.556s] INFO:colcon.colcon_core.shell:Creating environment hook '/home/rishi/kuka_AM/install/kuka_controller/share/kuka_controller/hook/cmake_prefix_path.sh'
[0.558s] Level 1:colcon.colcon_core.environment:checking '/home/rishi/kuka_AM/install/kuka_controller/bin'
[0.558s] Level 1:colcon.colcon_core.environment:checking '/home/rishi/kuka_AM/install/kuka_controller/lib/pkgconfig/kuka_controller.pc'
[0.558s] Level 1:colcon.colcon_core.environment:checking '/home/rishi/kuka_AM/install/kuka_controller/lib/python3.10/site-packages'
[0.559s] Level 1:colcon.colcon_core.environment:checking '/home/rishi/kuka_AM/install/kuka_controller/bin'
[0.560s] INFO:colcon.colcon_core.shell:Creating package script '/home/rishi/kuka_AM/install/kuka_controller/share/kuka_controller/package.ps1'
[0.561s] INFO:colcon.colcon_core.shell:Creating package descriptor '/home/rishi/kuka_AM/install/kuka_controller/share/kuka_controller/package.dsv'
[0.562s] INFO:colcon.colcon_core.shell:Creating package script '/home/rishi/kuka_AM/install/kuka_controller/share/kuka_controller/package.sh'
[0.563s] INFO:colcon.colcon_core.shell:Creating package script '/home/rishi/kuka_AM/install/kuka_controller/share/kuka_controller/package.bash'
[0.564s] INFO:colcon.colcon_core.shell:Creating package script '/home/rishi/kuka_AM/install/kuka_controller/share/kuka_controller/package.zsh'
[0.565s] Level 1:colcon.colcon_core.environment:create_file_with_runtime_dependencies(/home/rishi/kuka_AM/install/kuka_controller/share/colcon-core/packages/kuka_controller)
[0.566s] DEBUG:colcon.colcon_parallel_executor.executor.parallel:closing loop
[0.567s] DEBUG:colcon.colcon_parallel_executor.executor.parallel:loop closed
[0.567s] DEBUG:colcon.colcon_parallel_executor.executor.parallel:run_until_complete finished with '0'
[0.567s] DEBUG:colcon.colcon_core.event_reactor:joining thread
[0.601s] INFO:colcon.colcon_core.plugin_system:Skipping extension 'colcon_notification.desktop_notification.terminal_notifier': Not used on non-Darwin systems
[0.601s] INFO:colcon.colcon_core.plugin_system:Skipping extension 'colcon_notification.desktop_notification.win32': Not used on non-Windows systems
[0.601s] INFO:colcon.colcon_notification.desktop_notification:Sending desktop notification using 'notify2'
[0.628s] DEBUG:colcon.colcon_core.event_reactor:joined thread
[0.628s] INFO:colcon.colcon_core.shell:Creating prefix script '/home/rishi/kuka_AM/install/local_setup.ps1'
[0.631s] INFO:colcon.colcon_core.shell:Creating prefix util module '/home/rishi/kuka_AM/install/_local_setup_util_ps1.py'
[0.635s] INFO:colcon.colcon_core.shell:Creating prefix chain script '/home/rishi/kuka_AM/install/setup.ps1'
[0.638s] INFO:colcon.colcon_core.shell:Creating prefix script '/home/rishi/kuka_AM/install/local_setup.sh'
[0.639s] INFO:colcon.colcon_core.shell:Creating prefix util module '/home/rishi/kuka_AM/install/_local_setup_util_sh.py'
[0.641s] INFO:colcon.colcon_core.shell:Creating prefix chain script '/home/rishi/kuka_AM/install/setup.sh'
[0.644s] INFO:colcon.colcon_core.shell:Creating prefix script '/home/rishi/kuka_AM/install/local_setup.bash'
[0.645s] INFO:colcon.colcon_core.shell:Creating prefix chain script '/home/rishi/kuka_AM/install/setup.bash'
[0.649s] INFO:colcon.colcon_core.shell:Creating prefix script '/home/rishi/kuka_AM/install/local_setup.zsh'
[0.650s] INFO:colcon.colcon_core.shell:Creating prefix chain script '/home/rishi/kuka_AM/install/setup.zsh'
